gplink-1.3.0 (Jun 20 2013)
Listing File Generated: 2013-6-20  17:42:45
 
 
Address  Value    Disassembly              Source
-------  -----    -----------              ------
                                           ;--------------------------------------------------------
                                           ; File Created by SDCC : free open source ANSI-C Compiler
                                           ; Version 0.0.1 (Jun 20 2013) (MINGW32)
                                           ; This file was generated Thu Jun 20 17:42:44 2013
                                           ;--------------------------------------------------------
                                           ; MC30 port for the 14-bit core
                                           ;--------------------------------------------------------
                                           ;	.file	"main.c"
                                           	list	p=30p011
                                           	radix dec
                                           	include "mc30p011.inc"
                                           		LIST
                                           ;mc30p011.inc   Standard Header File, Version 1.00 by Sinomcu
                                           		NOLIST
                                           ;--------------------------------------------------------
                                           ; external declarations
                                           ;--------------------------------------------------------
                                           	extern	_i2cint
                                           	extern	_i2cout
                                           	extern	_i
                                           	extern	_j
                                           	extern	_n
                                           	extern	_table
                                           	extern	__gptrget1
                                           	extern	__sdcc_gsinit_startup
                                           ;--------------------------------------------------------
                                           ; global declarations
                                           ;--------------------------------------------------------
                                           	global	_main
                                           
                                           	global PSAVE
                                           	global SSAVE
                                           	global WSAVE
                                           	global STK12
                                           	global STK11
                                           	global STK10
                                           	global STK09
                                           	global STK08
                                           	global STK07
                                           	global STK06
                                           	global STK05
                                           	global STK04
                                           	global STK03
                                           	global STK02
                                           	global STK01
                                           	global STK00
                                           
                                           sharebank udata_ovr 0x0010
                                           PSAVE	res 1
                                           SSAVE	res 1
                                           WSAVE	res 1
                                           STK12	res 1
                                           STK11	res 1
                                           STK10	res 1
                                           STK09	res 1
                                           STK08	res 1
                                           STK07	res 1
                                           STK06	res 1
                                           STK05	res 1
                                           STK04	res 1
                                           STK03	res 1
                                           STK02	res 1
                                           STK01	res 1
                                           STK00	res 1
                                           
                                           ;--------------------------------------------------------
                                           ; global definitions
                                           ;--------------------------------------------------------
                                           ;--------------------------------------------------------
                                           ; absolute symbol definitions
                                           ;--------------------------------------------------------
                                           ;--------------------------------------------------------
                                           ; compiler-defined variables
                                           ;--------------------------------------------------------
                                           UDL_main_0	udata
                                           r0x1002	res	1
                                           r0x1003	res	1
                                           ;--------------------------------------------------------
                                           ; initialized data
                                           ;--------------------------------------------------------
                                           ;--------------------------------------------------------
                                           ; overlayable items in internal ram 
                                           ;--------------------------------------------------------
                                           ;	udata_ovr
                                           ;--------------------------------------------------------
                                           ; reset vector 
                                           ;--------------------------------------------------------
                                           STARTUP	code 0x0000
000000   0000     nop                      	nop
000001   2882     goto    0x82             	goto	__sdcc_gsinit_startup
                                           ;--------------------------------------------------------
                                           ; code
                                           ;--------------------------------------------------------
                                           code_main	code
                                           ;***
                                           ;  pBlock Stats: dbName = M
                                           ;***
                                           ;entry:  _main	;Function start
                                           ; 2 exit points
                                           ;has an exit
                                           ;functions called:
                                           ;   _i2cint
                                           ;   __gptrget1
                                           ;   _i2cout
                                           ;   _i2cint
                                           ;   __gptrget1
                                           ;   _i2cout
                                           ;4 compiler assigned registers:
                                           ;   r0x1002
                                           ;   r0x1003
                                           ;   STK01
                                           ;   STK00
                                           ;; Starting pCode block
                                           _main	;Function start
                                           ; 2 exit points
                                           ;	.line	9; "main.c"	i2cint();     
000140   213b     call    0x13b            	CALL	_i2cint
                                           _00106_DS_
                                           ;	.line	12; "main.c"	for(i=0x00;i<=127;++i)
000141   1d87     clrr    0x7              	CLRR	_i
                                           ;;swapping arguments (AOP_TYPEs 1/3)
                                           ;;unsigned compare: left >= lit(0x80=128), size=1
                                           _00108_DS_
000142   0b80     movai   0x80             	MOVAI	0x80
000143   1207     rsubar  0x7              	RSUBAR	_i
000144   3403     jbclr   0x3, 0           	JBCLR	STATUS,0
000145   2941     goto    0x141            	GOTO	_00106_DS_
                                           ;;genSkipc:3244: created from rifx:0022608C
                                           ;	.line	14; "main.c"	j=table[i]; 
000146   1607     movar   0x7              	MOVAR	_i
000147   0e02     addai   0x2              	ADDAI	(_table + 0)
000148   15ac     movra   0x2c             	MOVRA	r0x1002
000149   0b00     movai   0                	MOVAI	high (_table + 0)
00014a   3403     jbclr   0x3, 0           	JBCLR	STATUS,0
00014b   0e01     addai   0x1              	ADDAI	0x01
00014c   15ad     movra   0x2d             	MOVRA	r0x1003
00014d   162c     movar   0x2c             	MOVAR	r0x1002
00014e   159e     movra   0x1e             	MOVRA	STK01
00014f   162d     movar   0x2d             	MOVAR	r0x1003
000150   159f     movra   0x1f             	MOVRA	STK00
000151   0b80     movai   0x80             	MOVAI	0x80
000152   20f0     call    0xf0             	CALL	__gptrget1
000153   15ae     movra   0x2e             	MOVRA	_j
                                           ;	.line	15; "main.c"	i2cout(); 
000154   211a     call    0x11a            	CALL	_i2cout
                                           ;	.line	12; "main.c"	for(i=0x00;i<=127;++i)
000155   1987     incr    0x7              	INCR	_i
000156   2942     goto    0x142            	GOTO	_00108_DS_
000157   000c     return                   	RETURN	
                                           ; exit point of _main
                                           
                                           
                                           ;	code size estimation:
                                           ;	   24+    0 =    24 instructions (   48 byte)
                                           
                                           	end
                                           ;--------------------------------------------------------
                                           ; File Created by SDCC : free open source ANSI-C Compiler
                                           ; Version 0.0.1 (Jun 20 2013) (MINGW32)
                                           ; This file was generated Thu Jun 20 17:42:44 2013
                                           ;--------------------------------------------------------
                                           ; MC30 port for the 14-bit core
                                           ;--------------------------------------------------------
                                           ;	.file	"fun.c"
                                           	list	p=30p011
                                           	radix dec
                                           	include "mc30p011.inc"
                                           		LIST
                                           ;mc30p011.inc   Standard Header File, Version 1.00 by Sinomcu
                                           		NOLIST
                                           ;--------------------------------------------------------
                                           ; external declarations
                                           ;--------------------------------------------------------
                                           	extern	_STATUSbits
                                           	extern	_P0bits
                                           	extern	_P1bits
                                           	extern	_MCRbits
                                           	extern	_KBIMbits
                                           	extern	_PDCONbits
                                           	extern	_ODCONbits
                                           	extern	_PUCONbits
                                           	extern	_INTECONbits
                                           	extern	_INTFLAGbits
                                           	extern	_DDR0bits
                                           	extern	_DDR1bits
                                           	extern	_TMCRbits
                                           	extern	_T1CRbits
                                           	extern	_INDF
                                           	extern	_T0CNT
                                           	extern	_PCL
                                           	extern	_STATUS
                                           	extern	_FSR
                                           	extern	_P0
                                           	extern	_P1
                                           	extern	_MCR
                                           	extern	_KBIM
                                           	extern	_PCLATH
                                           	extern	_PDCON
                                           	extern	_ODCON
                                           	extern	_PUCON
                                           	extern	_INTECON
                                           	extern	_INTFLAG
                                           	extern	_TOCR
                                           	extern	_DDR0
                                           	extern	_DDR1
                                           	extern	_TMCR
                                           	extern	_T1CR
                                           	extern	_T1CNT
                                           	extern	_T1LOAD
                                           	extern	_T1DATA
                                           
                                           	extern PSAVE
                                           	extern SSAVE
                                           	extern WSAVE
                                           	extern STK12
                                           	extern STK11
                                           	extern STK10
                                           	extern STK09
                                           	extern STK08
                                           	extern STK07
                                           	extern STK06
                                           	extern STK05
                                           	extern STK04
                                           	extern STK03
                                           	extern STK02
                                           	extern STK01
                                           	extern STK00
                                           ;--------------------------------------------------------
                                           ; global declarations
                                           ;--------------------------------------------------------
                                           	global	_i2cint
                                           	global	_i2cout
                                           	global	_i
                                           	global	_j
                                           	global	_n
                                           	global	_table
                                           
                                           ;--------------------------------------------------------
                                           ; global definitions
                                           ;--------------------------------------------------------
                                           UD_fun_0	udata
                                           _i	res	1
                                           
                                           UD_fun_1	udata
                                           _j	res	1
                                           
                                           UD_fun_2	udata
                                           _n	res	1
                                           
                                           ;--------------------------------------------------------
                                           ; absolute symbol definitions
                                           ;--------------------------------------------------------
                                           ;--------------------------------------------------------
                                           ; compiler-defined variables
                                           ;--------------------------------------------------------
                                           ;--------------------------------------------------------
                                           ; initialized data
                                           ;--------------------------------------------------------
                                           
                                           ID_fun_0	code
                                           _table
000002   0a80     retai   0x80             	retai 0x80
000003   0a86     retai   0x86             	retai 0x86
000004   0a8d     retai   0x8d             	retai 0x8d
000005   0a93     retai   0x93             	retai 0x93
000006   0a99     retai   0x99             	retai 0x99
000007   0a9f     retai   0x9f             	retai 0x9f
000008   0aa5     retai   0xa5             	retai 0xa5
000009   0aab     retai   0xab             	retai 0xab
00000a   0ab1     retai   0xb1             	retai 0xb1
00000b   0ab7     retai   0xb7             	retai 0xb7
00000c   0abc     retai   0xbc             	retai 0xbc
00000d   0ac2     retai   0xc2             	retai 0xc2
00000e   0ac7     retai   0xc7             	retai 0xc7
00000f   0acc     retai   0xcc             	retai 0xcc
000010   0ad1     retai   0xd1             	retai 0xd1
000011   0ad6     retai   0xd6             	retai 0xd6
000012   0ada     retai   0xda             	retai 0xda
000013   0adf     retai   0xdf             	retai 0xdf
000014   0ae3     retai   0xe3             	retai 0xe3
000015   0ae7     retai   0xe7             	retai 0xe7
000016   0aea     retai   0xea             	retai 0xea
000017   0aee     retai   0xee             	retai 0xee
000018   0af1     retai   0xf1             	retai 0xf1
000019   0af4     retai   0xf4             	retai 0xf4
00001a   0af6     retai   0xf6             	retai 0xf6
00001b   0af8     retai   0xf8             	retai 0xf8
00001c   0afa     retai   0xfa             	retai 0xfa
00001d   0afc     retai   0xfc             	retai 0xfc
00001e   0afd     retai   0xfd             	retai 0xfd
00001f   0aff     retai   0xff             	retai 0xff
000020   0aff     retai   0xff             	retai 0xff
000021   0aff     retai   0xff             	retai 0xff
000022   0aff     retai   0xff             	retai 0xff
000023   0aff     retai   0xff             	retai 0xff
000024   0aff     retai   0xff             	retai 0xff
000025   0afe     retai   0xfe             	retai 0xfe
000026   0afd     retai   0xfd             	retai 0xfd
000027   0afb     retai   0xfb             	retai 0xfb
000028   0af9     retai   0xf9             	retai 0xf9
000029   0af7     retai   0xf7             	retai 0xf7
00002a   0af5     retai   0xf5             	retai 0xf5
00002b   0af2     retai   0xf2             	retai 0xf2
00002c   0aef     retai   0xef             	retai 0xef
00002d   0aec     retai   0xec             	retai 0xec
00002e   0ae9     retai   0xe9             	retai 0xe9
00002f   0ae5     retai   0xe5             	retai 0xe5
000030   0ae1     retai   0xe1             	retai 0xe1
000031   0add     retai   0xdd             	retai 0xdd
000032   0ad8     retai   0xd8             	retai 0xd8
000033   0ad4     retai   0xd4             	retai 0xd4
000034   0acf     retai   0xcf             	retai 0xcf
000035   0aca     retai   0xca             	retai 0xca
000036   0ac5     retai   0xc5             	retai 0xc5
000037   0abf     retai   0xbf             	retai 0xbf
000038   0aba     retai   0xba             	retai 0xba
000039   0ab4     retai   0xb4             	retai 0xb4
00003a   0aae     retai   0xae             	retai 0xae
00003b   0aa8     retai   0xa8             	retai 0xa8
00003c   0aa2     retai   0xa2             	retai 0xa2
00003d   0a9c     retai   0x9c             	retai 0x9c
00003e   0a96     retai   0x96             	retai 0x96
00003f   0a90     retai   0x90             	retai 0x90
000040   0a89     retai   0x89             	retai 0x89
000041   0a83     retai   0x83             	retai 0x83
000042   0a80     retai   0x80             	retai 0x80
000043   0a79     retai   0x79             	retai 0x79
000044   0a72     retai   0x72             	retai 0x72
000045   0a6c     retai   0x6c             	retai 0x6c
000046   0a66     retai   0x66             	retai 0x66
000047   0a60     retai   0x60             	retai 0x60
000048   0a5a     retai   0x5a             	retai 0x5a
000049   0a55     retai   0x55             	retai 0x55
00004a   0a4e     retai   0x4e             	retai 0x4e
00004b   0a48     retai   0x48             	retai 0x48
00004c   0a43     retai   0x43             	retai 0x43
00004d   0a3d     retai   0x3d             	retai 0x3d
00004e   0a38     retai   0x38             	retai 0x38
00004f   0a33     retai   0x33             	retai 0x33
000050   0a2e     retai   0x2e             	retai 0x2e
000051   0a29     retai   0x29             	retai 0x29
000052   0a25     retai   0x25             	retai 0x25
000053   0a20     retai   0x20             	retai 0x20
000054   0a1c     retai   0x1c             	retai 0x1c
000055   0a18     retai   0x18             	retai 0x18
000056   0a15     retai   0x15             	retai 0x15
000057   0a11     retai   0x11             	retai 0x11
000058   0a0e     retai   0xe              	retai 0x0e
000059   0a0b     retai   0xb              	retai 0x0b
00005a   0a09     retai   0x9              	retai 0x09
00005b   0a07     retai   0x7              	retai 0x07
00005c   0a05     retai   0x5              	retai 0x05
00005d   0a03     retai   0x3              	retai 0x03
00005e   0a02     retai   0x2              	retai 0x02
00005f   0a00     retai   0                	retai 0x00
000060   0a00     retai   0                	retai 0x00
000061   0a00     retai   0                	retai 0x00
000062   0a00     retai   0                	retai 0x00
000063   0a00     retai   0                	retai 0x00
000064   0a00     retai   0                	retai 0x00
000065   0a01     retai   0x1              	retai 0x01
000066   0a02     retai   0x2              	retai 0x02
000067   0a04     retai   0x4              	retai 0x04
000068   0a06     retai   0x6              	retai 0x06
000069   0a08     retai   0x8              	retai 0x08
00006a   0a0a     retai   0xa              	retai 0x0a
00006b   0a0d     retai   0xd              	retai 0x0d
00006c   0a10     retai   0x10             	retai 0x10
00006d   0a13     retai   0x13             	retai 0x13
00006e   0a16     retai   0x16             	retai 0x16
00006f   0a1a     retai   0x1a             	retai 0x1a
000070   0a1e     retai   0x1e             	retai 0x1e
000071   0a22     retai   0x22             	retai 0x22
000072   0a27     retai   0x27             	retai 0x27
000073   0a2b     retai   0x2b             	retai 0x2b
000074   0a30     retai   0x30             	retai 0x30
000075   0a35     retai   0x35             	retai 0x35
000076   0a3a     retai   0x3a             	retai 0x3a
000077   0a40     retai   0x40             	retai 0x40
000078   0a45     retai   0x45             	retai 0x45
000079   0a4c     retai   0x4c             	retai 0x4c
00007a   0a51     retai   0x51             	retai 0x51
00007b   0a57     retai   0x57             	retai 0x57
00007c   0a5d     retai   0x5d             	retai 0x5d
00007d   0a63     retai   0x63             	retai 0x63
00007e   0a69     retai   0x69             	retai 0x69
00007f   0a6f     retai   0x6f             	retai 0x6f
000080   0a76     retai   0x76             	retai 0x76
000081   0a7c     retai   0x7c             	retai 0x7c
                                           
                                           ;--------------------------------------------------------
                                           ; overlayable items in internal ram 
                                           ;--------------------------------------------------------
                                           ;	udata_ovr
                                           ;--------------------------------------------------------
                                           ; code
                                           ;--------------------------------------------------------
                                           code_fun	code
                                           ;***
                                           ;  pBlock Stats: dbName = C
                                           ;***
                                           ;entry:  _i2cout	;Function start
                                           ; 2 exit points
                                           ;has an exit
                                           ;; Starting pCode block
                                           _i2cout	;Function start
                                           ; 2 exit points
                                           ;	.line	34; "fun.c"	GIE = 1;
00011a   3b8e     bset    0xe, 0x7         	BSET	_INTECONbits,7
                                           ;	.line	35; "fun.c"	for(n=0x02;--n;) continue;
00011b   0b02     movai   0x2              	MOVAI	0x02
00011c   15af     movra   0x2f             	MOVRA	_n
                                           _00109_DS_
00011d   1baf     decr    0x2f             	DECR	_n
00011e   0b00     movai   0                	MOVAI	0x00
00011f   172f     orar    0x2f             	ORAR	_n
000120   3103     jbset   0x3, 0x2         	JBSET	STATUS,2
000121   291d     goto    0x11d            	GOTO	_00109_DS_
                                           _00112_DS_
                                           ;	.line	38; "fun.c"	P00=1; 
000122   3805     bset    0x5, 0           	BSET	_P0bits,0
                                           ;	.line	39; "fun.c"	}while(P01==0);  
000123   3085     jbset   0x5, 0x1         	JBSET	_P0bits,1
000124   2922     goto    0x122            	GOTO	_00112_DS_
                                           ;	.line	40; "fun.c"	P00=0;
000125   3c05     bclr    0x5, 0           	BCLR	_P0bits,0
                                           ;	.line	41; "fun.c"	P02=0X58;
000126   3905     bset    0x5, 0x2         	BSET	_P0bits,2
                                           _00115_DS_
                                           ;	.line	45; "fun.c"	}while(P01==0);
000127   3085     jbset   0x5, 0x1         	JBSET	_P0bits,1
000128   2927     goto    0x127            	GOTO	_00115_DS_
                                           ;	.line	46; "fun.c"	P01=0; 
000129   3c85     bclr    0x5, 0x1         	BCLR	_P0bits,1
                                           ;	.line	47; "fun.c"	P02=0X01;
00012a   3905     bset    0x5, 0x2         	BSET	_P0bits,2
                                           _00117_DS_
                                           ;	.line	51; "fun.c"	}while(P01==0); 
00012b   3085     jbset   0x5, 0x1         	JBSET	_P0bits,1
00012c   292b     goto    0x12b            	GOTO	_00117_DS_
                                           ;	.line	52; "fun.c"	P01=0;  
00012d   3c85     bclr    0x5, 0x1         	BCLR	_P0bits,1
                                           ;	.line	53; "fun.c"	P02=j;   
00012e   132e     rrar    0x2e             	RRAR	_j
00012f   3003     jbset   0x3, 0           	JBSET	STATUS,0
000130   3d05     bclr    0x5, 0x2         	BCLR	_P0bits,2
000131   3403     jbclr   0x3, 0           	JBCLR	STATUS,0
000132   3905     bset    0x5, 0x2         	BSET	_P0bits,2
                                           _00119_DS_
                                           ;	.line	57; "fun.c"	}while(P01==0);
000133   3085     jbset   0x5, 0x1         	JBSET	_P0bits,1
000134   2933     goto    0x133            	GOTO	_00119_DS_
                                           ;	.line	58; "fun.c"	P01=0;   
000135   3c85     bclr    0x5, 0x1         	BCLR	_P0bits,1
                                           ;	.line	59; "fun.c"	P00=1;    
000136   3805     bset    0x5, 0           	BSET	_P0bits,0
                                           _00121_DS_
                                           ;	.line	63; "fun.c"	}while(P01==0); 
000137   3085     jbset   0x5, 0x1         	JBSET	_P0bits,1
000138   2937     goto    0x137            	GOTO	_00121_DS_
                                           ;	.line	64; "fun.c"	P01=0;    
000139   3c85     bclr    0x5, 0x1         	BCLR	_P0bits,1
00013a   000c     return                   	RETURN	
                                           ; exit point of _i2cout
                                           
                                           ;***
                                           ;  pBlock Stats: dbName = C
                                           ;***
                                           ;entry:  _i2cint	;Function start
                                           ; 2 exit points
                                           ;has an exit
                                           ;; Starting pCode block
                                           _i2cint	;Function start
                                           ; 2 exit points
                                           ;	.line	27; "fun.c"	DDR0 = 0X08;
00013b   0b08     movai   0x8              	MOVAI	0x08
00013c   15c5     dw      0x15c5           	MOVRA	_DDR0
                                           ;	.line	28; "fun.c"	P00 = 1;
00013d   3805     bset    0x5, 0           	BSET	_P0bits,0
                                           ;	.line	29; "fun.c"	P00 = 0;
00013e   3c05     bclr    0x5, 0           	BCLR	_P0bits,0
00013f   000c     return                   	RETURN	
                                           ; exit point of _i2cint
                                           
                                           
                                           ;	code size estimation:
                                           ;	   38+    0 =    38 instructions (   76 byte)
                                           
                                           	end


MEMORY USAGE MAP ('X' = Used,  '-' = Unused)

0000 : XXXXXXXXXXXXXXXX XXXXXXXXXXXXXXXX XXXXXXXXXXXXXXXX XXXXXXXXXXXXXXXX
0040 : XXXXXXXXXXXXXXXX XXXXXXXXXXXXXXXX XXXXXXXXXXXXXXXX XXXXXXXXXXXXXXXX
0080 : XXXXXXXXXXXXXXXX XXXXXXXXXXXXXXXX XXXXXXXXXXXXXXXX XXXXXXXXXXXXXXXX
00C0 : XXXXXXXXXXXXXXXX XXXXXXXXXXXXXXXX XXXXXXXXXXXXXXXX XXXXXXXXXXXXXXXX
0100 : XXXXXXXXXXXXXXXX XXXXXXXXXXXXXXXX XXXXXXXXXXXXXXXX XXXXXXXXXXXXXXXX
0140 : XXXXXXXXXXXXXXXX XXXXXXXXXXXXXXXX XXXXXXXXXXXXXXXX XXXXXXXXXXXXXXXX
0180 : XXXXXXXXXXXXXXXX XXXXXXXXXXXXXXXX XXXXXXXXXXXXXXXX XXXXXXXXXXXXXXXX
01C0 : XXXXXXXXXXXXXXXX XXXXXXXXXXXXXXXX XXXXXXXXXXXXXXXX XXXXXXXXXXXXXXXX
0200 : XXXXXXXXXXXXXXXX XXXXXXXXXXXXXXXX XXXXXXXXXXXXXXXX XXXXXXXXXXXXXXXX
0240 : XXXXXXXXXXXXXXXX XXXXXXXXXXXXXXXX XXXXXXXXXXXXXXXX XXXXXXXXXXXXXXXX
0280 : XXXXXXXXXXXXXXXX XXXXXXXXXXXXXXXX XXXXXXXXXXXXXXXX XXXXXXXXXXXXXXXX
02C0 : XX-------------- ---------------- ---------------- ----------------

All other memory blocks unused.

Program Memory Words Used:   353

