gpasm-2.0.0_beta2 (Jun 23 2017)initSys.asm        2017-8-18  18:35:20          PAGE  1


LOC  OBJECT CODE     LINE SOURCE TEXT
  VALUE

                      00001 ;--------------------------------------------------------
                      00002 ; File Created by SN-SDCC : ANSI-C Compiler
                      00003 ; Version 0.0.4 (Aug 18 2017) (MINGW32)
                      00004 ; This file was generated Fri Aug 18 18:35:19 2017
                      00005 ;--------------------------------------------------------
                      00006 ; MC3X port for the RISC core
                      00007 ;--------------------------------------------------------
                      00008 ;       .file   "initSys.c"
                      00009         list    p=0311
                      00010         radix dec
                      00011         include "0311.inc"
                      00001                 LIST
                      00002 ;mc30p011.inc    Standard Header File, Version 1.00 by Sinomcu
                      00225                 LIST
                      00012 ;--------------------------------------------------------
                      00013 ; external declarations
                      00014 ;--------------------------------------------------------
                      00015         extern  _STATUSbits
                      00016         extern  _P0bits
                      00017         extern  _P1bits
                      00018         extern  _MCRbits
                      00019         extern  _KBIMbits
                      00020         extern  _PDCONbits
                      00021         extern  _ODCONbits
                      00022         extern  _PUCONbits
                      00023         extern  _INTECONbits
                      00024         extern  _INTFLAGbits
                      00025         extern  _T0CRbits
                      00026         extern  _DDR0bits
                      00027         extern  _DDR1bits
                      00028         extern  _TMCRbits
                      00029         extern  _T1CRbits
                      00030         extern  _KeyCnt
                      00031         extern  _T1s
                      00032         extern  _TRedCnt
                      00033         extern  _TRed
                      00034         extern  _TGreen
                      00035         extern  _TBlue
                      00036         extern  _TRedbak
                      00037         extern  _TGreenbak
                      00038         extern  _TBluebak
                      00039         extern  _IRTmr
                      00040         extern  _KeyCode
                      00041         extern  _Custom
                      00042         extern  _CustomRev
                      00043         extern  _IRCode1
                      00044         extern  _IRCodeRev1
                      00045         extern  _BitCnt
                      00046         extern  _LongIRCnt
                      00047         extern  _IRCnt
                      00048         extern  _Color
                      00049         extern  _Mode1Cnt
                      00050         extern  _delay
                      00051         extern  _Tmr
                      00052         extern  _TStop
                      00053         extern  _Step
                      00054         extern  _T40ms
                      00055         extern  _Dly100ms
                      00056         extern  _Mode2Cnt2
                      00057         extern  _Mode2Cnt3
                      00058         extern  _delay05ms
                      00059         extern  _Flag1
                      00060         extern  _Flag2
                      00061         extern  _INDF
                      00062         extern  _T0CNT
                      00063         extern  _PCL
                      00064         extern  _STATUS
                      00065         extern  _FSR
                      00066         extern  _P0
                      00067         extern  _P1
                      00068         extern  _MCR
                      00069         extern  _KBIM
                      00070         extern  _PCLATH
                      00071         extern  _PDCON
                      00072         extern  _ODCON
                      00073         extern  _PUCON
                      00074         extern  _INTECON
                      00075         extern  _INTFLAG
                      00076         extern  _T0CR
                      00077         extern  _DDR0
                      00078         extern  _DDR1
                      00079         extern  _TMCR
                      00080         extern  _T1CR
                      00081         extern  _T1CNT
                      00082         extern  _T1LOAD
                      00083         extern  _T1DATA
                      00084 
                      00085         extern STK06
                      00086         extern STK05
                      00087         extern STK04
                      00088         extern STK03
                      00089         extern STK02
                      00090         extern STK01
                      00091         extern STK00
                      00092 ;--------------------------------------------------------
                      00093 ; global declarations
                      00094 ;--------------------------------------------------------
                      00095         global  _InitialSys
                      00096         global  _InitalRAM
                      00097 
                      00098 ;--------------------------------------------------------
                      00099 ; global definitions
                      00100 ;--------------------------------------------------------
                      00101 ;--------------------------------------------------------
                      00102 ; absolute symbol definitions
                      00103 ;--------------------------------------------------------
                      00104 ;--------------------------------------------------------
                      00105 ; compiler-defined variables
                      00106 ;--------------------------------------------------------
                      00107 ;--------------------------------------------------------
                      00108 ; initialized data
                      00109 ;--------------------------------------------------------
                      00110 
                      00111 ;@Allocation info for local variables in function 'InitialSys'
                      00112 ;@InitialSys InitialSys                Allocated to registers ;size:2
                      00113 ;@InitialSys STATUSbits                Allocated to registers ;size:1
                      00114 ;@InitialSys P0bits                    Allocated to registers ;size:1
                      00115 ;@InitialSys P1bits                    Allocated to registers ;size:1
                      00116 ;@InitialSys MCRbits                   Allocated to registers ;size:1
                      00117 ;@InitialSys KBIMbits                  Allocated to registers ;size:1
                      00118 ;@InitialSys PDCONbits                 Allocated to registers ;size:1
                      00119 ;@InitialSys ODCONbits                 Allocated to registers ;size:1
                      00120 ;@InitialSys PUCONbits                 Allocated to registers ;size:1
                      00121 ;@InitialSys INTECONbits               Allocated to registers ;size:1
                      00122 ;@InitialSys INTFLAGbits               Allocated to registers ;size:1
                      00123 ;@InitialSys T0CRbits                  Allocated to registers ;size:1
                      00124 ;@InitialSys DDR0bits                  Allocated to registers ;size:1
                      00125 ;@InitialSys DDR1bits                  Allocated to registers ;size:1
                      00126 ;@InitialSys TMCRbits                  Allocated to registers ;size:1
                      00127 ;@InitialSys T1CRbits                  Allocated to registers ;size:1
                      00128 ;@InitialSys KeyCnt                    Allocated to registers ;size:1
                      00129 ;@InitialSys T1s                       Allocated to registers ;size:1
                      00130 ;@InitialSys TRedCnt                   Allocated to registers ;size:1
                      00131 ;@InitialSys TRed                      Allocated to registers ;size:1
                      00132 ;@InitialSys TGreen                    Allocated to registers ;size:1
                      00133 ;@InitialSys TBlue                     Allocated to registers ;size:1
                      00134 ;@InitialSys TRedbak                   Allocated to registers ;size:1
                      00135 ;@InitialSys TGreenbak                 Allocated to registers ;size:1
                      00136 ;@InitialSys TBluebak                  Allocated to registers ;size:1
                      00137 ;@InitialSys IRTmr                     Allocated to registers ;size:1
                      00138 ;@InitialSys KeyCode                   Allocated to registers ;size:1
                      00139 ;@InitialSys Custom                    Allocated to registers ;size:1
                      00140 ;@InitialSys CustomRev                 Allocated to registers ;size:1
                      00141 ;@InitialSys IRCode1                   Allocated to registers ;size:1
                      00142 ;@InitialSys IRCodeRev1                Allocated to registers ;size:1
                      00143 ;@InitialSys BitCnt                    Allocated to registers ;size:1
                      00144 ;@InitialSys LongIRCnt                 Allocated to registers ;size:1
                      00145 ;@InitialSys IRCnt                     Allocated to registers ;size:1
                      00146 ;@InitialSys Color                     Allocated to registers ;size:1
                      00147 ;@InitialSys Mode1Cnt                  Allocated to registers ;size:1
                      00148 ;@InitialSys delay                     Allocated to registers ;size:1
                      00149 ;@InitialSys Tmr                       Allocated to registers ;size:2
                      00150 ;@InitialSys TStop                     Allocated to registers ;size:1
                      00151 ;@InitialSys Step                      Allocated to registers ;size:1
                      00152 ;@InitialSys T40ms                     Allocated to registers ;size:1
                      00153 ;@InitialSys Dly100ms                  Allocated to registers ;size:1
                      00154 ;@InitialSys Mode2Cnt2                 Allocated to registers ;size:1
                      00155 ;@InitialSys Mode2Cnt3                 Allocated to registers ;size:1
                      00156 ;@InitialSys delay05ms                 Allocated to registers ;size:1
                      00157 ;@InitialSys Flag1                     Allocated to registers ;size:1
                      00158 ;@InitialSys Flag2                     Allocated to registers ;size:1
                      00159 ;@InitialSys INDF                      Allocated to registers ;size:1
                      00160 ;@InitialSys T0CNT                     Allocated to registers ;size:1
                      00161 ;@InitialSys PCL                       Allocated to registers ;size:1
                      00162 ;@InitialSys STATUS                    Allocated to registers ;size:1
                      00163 ;@InitialSys FSR                       Allocated to registers ;size:1
                      00164 ;@InitialSys P0                        Allocated to registers ;size:1
                      00165 ;@InitialSys P1                        Allocated to registers ;size:1
                      00166 ;@InitialSys MCR                       Allocated to registers ;size:1
                      00167 ;@InitialSys KBIM                      Allocated to registers ;size:1
                      00168 ;@InitialSys PCLATH                    Allocated to registers ;size:1
                      00169 ;@InitialSys PDCON                     Allocated to registers ;size:1
                      00170 ;@InitialSys ODCON                     Allocated to registers ;size:1
                      00171 ;@InitialSys PUCON                     Allocated to registers ;size:1
                      00172 ;@InitialSys INTECON                   Allocated to registers ;size:1
                      00173 ;@InitialSys INTFLAG                   Allocated to registers ;size:1
                      00174 ;@InitialSys T0CR                      Allocated to registers ;size:1
                      00175 ;@InitialSys DDR0                      Allocated to registers ;size:1
                      00176 ;@InitialSys DDR1                      Allocated to registers ;size:1
                      00177 ;@InitialSys TMCR                      Allocated to registers ;size:1
                      00178 ;@InitialSys T1CR                      Allocated to registers ;size:1
                      00179 ;@InitialSys T1CNT                     Allocated to registers ;size:1
                      00180 ;@InitialSys T1LOAD                    Allocated to registers ;size:1
                      00181 ;@InitialSys T1DATA                    Allocated to registers ;size:1
                      00182 ;@end Allocation info for local variables in function 'InitialSys';
                      00183 ;@Allocation info for local variables in function 'InitalRAM'
                      00184 ;@end Allocation info for local variables in function 'InitalRAM';
                      00185 
                      00186 ;--------------------------------------------------------
                      00187 ; overlayable items in internal ram 
                      00188 ;--------------------------------------------------------
                      00189 ;       udata_ovr
                      00190 ;--------------------------------------------------------
                      00191 ; code
                      00192 ;--------------------------------------------------------
                      00193 code_initSys    code
                      00194 ;***
                      00195 ;  pBlock Stats: dbName = C
                      00196 ;***
                      00197 ;entry:  _InitalRAM     ;Function start
                      00198 ; 2 exit points
                      00199 ;has an exit
                      00200 ;; Starting pCode block
0000                  00201 _InitalRAM      ;Function start
                      00202 ; 2 exit points
                      00203 ;       .line   59; "initSys.c" T1s = 250;
0000   0BFA           00204         MOVAI   0xfa
0001   1580           00205         MOVRA   _T1s
0002   000C           00206         RETURN  
                      00207 ; exit point of _InitalRAM
                      00208 
                      00209 ;***
                      00210 ;  pBlock Stats: dbName = C
                      00211 ;***
                      00212 ;entry:  _InitialSys    ;Function start
                      00213 ; 2 exit points
                      00214 ;has an exit
                      00215 ;; Starting pCode block
0003                  00216 _InitialSys     ;Function start
                      00217 ; 2 exit points
                      00218 ;       .line   10; "initSys.c" pRed = 1;
0003   3800           00219         BSET    _P1bits,0
                      00220 ;       .line   11; "initSys.c" pGreen = 1;
0004   3880           00221         BSET    _P1bits,1
                      00222 ;       .line   12; "initSys.c" pBlue = 1;
0005   3900           00223         BSET    _P1bits,2
                      00224 ;       .line   14; "initSys.c" DDR0 = 0;
0006   1D80           00225         CLRR    _DDR0
                      00226 ;       .line   15; "initSys.c" DDR1 = 0;
0007   1D80           00227         CLRR    _DDR1
                      00228 ;       .line   16; "initSys.c" DDR1 |= 0x08;
0008   3980           00229         BSET    _DDR1,3
                      00230 ;       .line   17; "initSys.c" PDCON = 0xFF;                    
0009   0BFF           00231         MOVAI   0xff
000A   1580           00232         MOVRA   _PDCON
                      00233 ;       .line   18; "initSys.c" PUCON = 0xFF;
000B   0BFF           00234         MOVAI   0xff
000C   1580           00235         MOVRA   _PUCON
                      00236 ;       .line   19; "initSys.c" ODCON = 0;
000D   1D80           00237         CLRR    _ODCON
                      00238 ;       .line   23; "initSys.c" T0CR = 1;
000E   0B01           00239         MOVAI   0x01
000F   1580           00240         MOVRA   _T0CR
                      00241 ;       .line   24; "initSys.c" T0CNT = CT0;
0010   0BF0           00242         MOVAI   0xf0
0011   1580           00243         MOVRA   _T0CNT
                      00244 ;       .line   25; "initSys.c" T0IE = 1;               //;开定时中断
0012   3800           00245         BSET    _INTECONbits,0
                      00246 ;       .line   31; "initSys.c" TMCR = 0;
0013   1D80           00247         CLRR    _TMCR
                      00248 ;       .line   32; "initSys.c" T1CR = 0x86;
0014   0B86           00249         MOVAI   0x86
0015   1580           00250         MOVRA   _T1CR
                      00251 ;       .line   33; "initSys.c" T1LOAD = 249;
0016   0BF9           00252         MOVAI   0xf9
0017   1580           00253         MOVRA   _T1LOAD
                      00254 ;       .line   34; "initSys.c" T1DATA = 0;
0018   1D80           00255         CLRR    _T1DATA
                      00256 ;       .line   37; "initSys.c" MCR = 0x80;                    
0019   0B80           00257         MOVAI   0x80
001A   1580           00258         MOVRA   _MCR
                      00259 ;       .line   39; "initSys.c" KBIM = 0;                      
001B   1D80           00260         CLRR    _KBIM
001C   000C           00261         RETURN  
                      00262 ; exit point of _InitialSys
                      00263 
                      00264 
                      00265 ;       code size estimation:
                      00266 ;          29+    0 =    29 instructions (   58 byte)
                      00267 
                      00268         end
gpasm-2.0.0_beta2 (Jun 23 2017)initSys.asm        2017-8-18  18:35:20          PAGE  2


SYMBOL TABLE
  LABEL                             VALUE

BUZOUT                            00000005
C                                 00000000
DC                                00000001
DDR0                              00000045
DDR00                             00000000
DDR01                             00000001
DDR02                             00000002
DDR03                             00000003
DDR1                              00000046
DDR10                             00000000
DDR11                             00000001
DDR12                             00000002
DDR14                             00000004
DDR15                             00000005
DDR16                             00000006
DDR17                             00000007
EIS                               00000006
FSR                               00000004
GIE                               00000007
INDF                              00000000
INT0IE                            00000002
INT0IF                            00000002
INT0M                             00000006
INTECON                           0000000E
INTFLAG                           0000000F
KBIE                              00000001
KBIF                              00000001
KBIM                              00000009
KBIM0                             00000000
KBIM1                             00000001
KBIM2                             00000002
KBIM3                             00000003
KBIM4                             00000004
KBIM5                             00000005
KBIM6                             00000006
KBIM7                             00000007
MCR                               00000008
ODCON                             0000000C
P0                                00000005
P00                               00000000
P00PD                             00000000
P01                               00000001
P01PD                             00000001
P02                               00000002
P02PD                             00000002
P03                               00000003
P03PD                             00000003
P1                                00000006
P10                               00000000
P10OD                             00000000
P10PD                             00000004
P10PU                             00000000
P11                               00000001
P11OD                             00000001
P11PD                             00000005
P11PU                             00000001
P12                               00000002
P12OD                             00000002
P12PD                             00000006
P12PU                             00000002
P13                               00000003
P14                               00000004
P14OD                             00000004
P14PU                             00000004
P15                               00000005
P15OD                             00000005
P15PU                             00000005
P16                               00000006
P16OD                             00000006
P16PU                             00000006
P17                               00000007
P17OD                             00000007
P17PU                             00000007
PCL                               00000002
PCLATH                            0000000A
PD                                00000003
PDCON                             0000000B
PUCON                             0000000D
PWMOUT                            00000006
RST                               00000007
STATUS                            00000003
STK00                             00000000
STK01                             00000000
STK02                             00000000
STK03                             00000000
STK04                             00000000
STK05                             00000000
STK06                             00000000
T0CNT                             00000001
T0CR                              00000041
T0IE                              00000000
T0IF                              00000000
T0PTA                             00000003
T0PTS                             00000005
T0SE                              00000004
T1CNT                             0000004D
T1CR                              0000004C
T1DATA                            0000004F
T1IE                              00000001
T1IF                              00000000
T1LOAD                            0000004E
TBS                               00000007
TMCR                              0000004B
TMR1EN                            00000007
TO                                00000004
WDTEN                             00000007
Z                                 00000002
_BitCnt                           00000000
_CONFIG0                          00002000
_CONFIG1                          00002001
_CP_ALL                           00001FFF
_Color                            00000000
_Custom                           00000000
_CustomRev                        00000000
_DDR0                             00000000
_DDR0bits                         00000000
_DDR1                             00000000
_DDR1bits                         00000000
_Dly100ms                         00000000
_FCPU_2T                          00003F7F
_FCPU_4T                          00003FFF
_FSR                              00000000
_Flag1                            00000000
_Flag2                            00000000
_INDF                             00000000
_INTECON                          00000000
_INTECONbits                      00000000
_INTFLAG                          00000000
_INTFLAGbits                      00000000
_IRC_1M                           00003FCF
_IRC_2M                           00003FDF
_IRC_444K                         00003FAF
_IRC_4M                           00003FEF
_IRC_8M                           00003FFF
_IRCnt                            00000000
_IRCode1                          00000000
_IRCodeRev1                       00000000
_IRTmr                            00000000
_InitalRAM                        00000000
_InitialSys                       00000003
_KBIM                             00000000
_KBIMbits                         00000000
_KeyCnt                           00000000
_KeyCode                          00000000
_LongIRCnt                        00000000
_MCLR_OFF                         00003FF7
_MCLR_ON                          00003FFF
_MCR                              00000000
_MCRbits                          00000000
_Mode1Cnt                         00000000
_Mode2Cnt2                        00000000
_Mode2Cnt3                        00000000
_ODCON                            00000000
_ODCONbits                        00000000
_OSC_HXT                          00002FFF
_OSC_IRC                          000037FF
_OSC_IRC_RTC                      00003FFF
_OSC_LXT                          000027FF
_P0                               00000000
_P0bits                           00000000
_P1                               00000000
_P1bits                           00000000
_PCL                              00000000
_PCLATH                           00000000
_PDCON                            00000000
_PDCONbits                        00000000
_PUCON                            00000000
_PUCONbits                        00000000
_PWRT_OFF                         00003BFF
_PWRT_ON                          00003FFF
_RD_FROM_PIN                      00003FFF
_RD_FROM_REG                      00003EFF
_SMT_OFF                          00003FFF
_SMT_ON                           00003DFF
_STATUS                           00000000
_STATUSbits                       00000000
_Step                             00000000
_T0CNT                            00000000
_T0CR                             00000000
_T0CRbits                         00000000
_T1CNT                            00000000
_T1CR                             00000000
_T1CRbits                         00000000
_T1DATA                           00000000
_T1LOAD                           00000000
_T1s                              00000000
_T40ms                            00000000
_TBlue                            00000000
_TBluebak                         00000000
_TGreen                           00000000
_TGreenbak                        00000000
_TMCR                             00000000
_TMCRbits                         00000000
_TRed                             00000000
_TRedCnt                          00000000
_TRedbak                          00000000
_TStop                            00000000
_TWDT_18MS                        00003FFF
_TWDT_288MS                       00003DFF
_TWDT_4P5MS                       00003EFF
_TWDT_72MS                        00003CFF
_Tmr                              00000000
_VBOR_15                          00003FF8
_VBOR_18                          00003FF9
_VBOR_20                          00003FFA
_VBOR_22                          00003FFB
_VBOR_24                          00003FFC
_VBOR_26                          00003FFD
_VBOR_30                          00003FFE
_VBOR_36                          00003FFF
_WDT_OFF                          000037FF
_WDT_ON                           00003FFF
__30P011                          00000001
_delay                            00000000
_delay05ms                        00000000

Errors   :     0
Warnings :     0 reported,     0 suppressed
Messages :     0 reported,     0 suppressed

