gplink-1.9.3_beta (Apr  5 2017)
Listing File Generated: 2017-6-1  12:05:24
 
 
Address  Value    Disassembly              Source
-------  -----    -----------              ------
                                           	
                                           	org 0h
                                           	
                                           Read macro device, buffer
000005   1603     movar   0x3              	movar buffer
000006   1581     movra   0x1              	movra device
000007   200c     call    0xc              	call delay
                                           	endm
                                           	
000000   0000     nop                      	nop
                                           	
000001   0b01     movai   0x1              	movai 01h
000002   15f8     movra   0x78             	movra 78h
000003   0b80     movai   0x80             	movai 80h
000004   15fb     movra   0x7b             	movra 7bh
                                           	
                                           	Read 0x01, 0x03
                                           	
000008   0b01     movai   0x1              	movai 01h
                                           	
                                           	Read 0x05, 0x07
                                           	
                                           delay:
00000c   0000     nop                      	nop
00000d   0000     nop                      	nop
00000e   000c     return                   	return
                                           
                                           
                                           	end


MEMORY USAGE MAP ('X' = Used,  '-' = Unused)

0000 : XXXXXXXXXXXXXXXX XXXXXXXXXXXXXX-- ---------------- ----------------

All other memory blocks unused.

Program Memory Words Used:    15

