gpasm-1.9.8 (Jun  2 2017)    withmacro.asm      2017-6-2  19:25:45           PAGE  1


LOC  OBJECT CODE     LINE SOURCE TEXT
  VALUE

                      00001         
                      00002         org 0h
                      00003         
                      00004 Read macro device, buffer
                      00005         movar buffer
                      00006         movra device
                      00007         call delay
                      00008         endm
                      00009         
0000   0000           00010         nop
                      00011         
0001   0B01           00012         movai 01h
0002   15F8           00013         movra 78h
0003   0B80           00014         movai 80h
0004   15FB           00015         movra 7bh
                      00016         
                      00017         Read 0x01, 0x03
0005   1603               M         movar buffer
0006   1581               M         movra device
0007   2000               M         call delay
                      00018         
0008   0B01           00019         movai 01h
                      00020         
                      00021         Read 0x05, 0x07
0009   1607               M         movar buffer
000A   1585               M         movra device
000B   2000               M         call delay
                      00022         
000C                  00023 delay:
000C   0000           00024         nop
000D   0000           00025         nop
000E   000C           00026         return
                      00027 
                      00028 
                      00029         end
gpasm-1.9.8 (Jun  2 2017)    withmacro.asm      2017-6-2  19:25:45           PAGE  2


SYMBOL TABLE
  LABEL                             VALUE

__30P011                          00000001
delay                             0000000C

Errors   :     0
Warnings :     0 reported,     0 suppressed
Messages :     0 reported,     0 suppressed

