gplink-2.0.0_beta2 (Nov  6 2017)
Listing File Generated: 2017-11-15  10:36:54
 
 
Address  Value    Disassembly              Source
-------  -----    -----------              ------
                                           ;--------------------------------------------------------
                                           ; File Created by SN-SDCC : SinoMCU ANSI-C Compiler
                                           ; Version 1.0.0 (Sep 28 2017) (MINGW32)
                                           ; This file was generated Wed Nov 15 10:36:54 2017
                                           ;--------------------------------------------------------
                                           ; MC35 port for the RISC core
                                           ;--------------------------------------------------------
                                           ;	.file	"asm.c"
                                           	list	p=2K7041
                                           	radix dec
                                           	include "2K7041.inc"
                                           		LIST
                                           ;mc35p7041.inc    Standard Header File, Version 1.00 by Sinomcu
                                           		NOLIST
                                           ;--------------------------------------------------------
                                           ; external declarations
                                           ;--------------------------------------------------------
                                           	extern	_STATUSbits
                                           	extern	_INDF
                                           	extern	_HIBYTE
                                           	extern	_FSR
                                           	extern	_FSR0
                                           	extern	_FSR1
                                           	extern	_PCH
                                           	extern	_PCL
                                           	extern	_STATUS
                                           ;--------------------------------------------------------
                                           ; global declarations
                                           ;--------------------------------------------------------
                                           	global	_main
                                           	global	_ram1
                                           	global	_ram0
                                           
                                           	global STK06
                                           	global STK05
                                           	global STK04
                                           	global STK03
                                           	global STK02
                                           	global STK01
                                           	global STK00
                                           
                                           sharebank udata_ovr 0x0000
                                           STK06	res 1
                                           STK05	res 1
                                           STK04	res 1
                                           STK03	res 1
                                           STK02	res 1
                                           STK01	res 1
                                           STK00	res 1
                                           
                                           ;--------------------------------------------------------
                                           ; global definitions
                                           ;--------------------------------------------------------
                                           ;--------------------------------------------------------
                                           ; absolute symbol definitions
                                           ;--------------------------------------------------------
                                           UD_abs_asm_20	udata_ovr	0x0020
                                           _ram0
                                           	res	1
                                           UD_abs_asm_21	udata_ovr	0x0021
                                           _ram1
                                           	res	1
                                           ;--------------------------------------------------------
                                           ; compiler-defined variables
                                           ;--------------------------------------------------------
                                           ;--------------------------------------------------------
                                           ; initialized data
                                           ;--------------------------------------------------------
                                           
                                           ;@Allocation info for local variables in function 'main'
                                           ;@main main                      Allocated to registers ;size:2
                                           ;@main STATUSbits                Allocated to registers ;size:1
                                           ;@main ram1                      Allocated to registers ;size:1
                                           ;@main ram0                      Allocated to registers ;size:1
                                           ;@main INDF                      Allocated to registers ;size:1
                                           ;@main HIBYTE                    Allocated to registers ;size:1
                                           ;@main FSR                       Allocated to registers ;size:1
                                           ;@main FSR0                      Allocated to registers ;size:1
                                           ;@main FSR1                      Allocated to registers ;size:1
                                           ;@main PCH                       Allocated to registers ;size:1
                                           ;@main PCL                       Allocated to registers ;size:1
                                           ;@main STATUS                    Allocated to registers ;size:1
                                           ;@end Allocation info for local variables in function 'main';
                                           
                                           ;--------------------------------------------------------
                                           ; overlayable items in internal ram 
                                           ;--------------------------------------------------------
                                           ;	udata_ovr
                                           ;--------------------------------------------------------
                                           ; reset vector 
                                           ;--------------------------------------------------------
                                           STARTUP	code 0x0000
000000   8001     goto    0x1              	goto	_main
                                           ;--------------------------------------------------------
                                           ; code
                                           ;--------------------------------------------------------
                                           code_asm	code
                                           ;***
                                           ;  pBlock Stats: dbName = M
                                           ;***
                                           ;entry:  _main	;Function start
                                           ; 2 exit points
                                           ;has an exit
                                           ;; Starting pCode block
                                           _main	;Function start
                                           ; 2 exit points
                                           ;	.line	13; "asm.c"	__endasm;
000001   2d64     movai   0x64             	movai 100
000002   1f33     movra   0x33             	movra 0x33
                                           	
                                           ;	.line	15; "asm.c"	__asm__("nop");
000003   0000     nop                      	nop
                                           ;	.line	17; "asm.c"	Nop();
000004   0000     nop                      	nop
                                           _00106_DS_
                                           ;	.line	20; "asm.c"	while(1);
000005   8005     goto    0x5              	GOTO	_00106_DS_
000006   0e00     return                   	RETURN	
                                           ; exit point of _main
                                           
                                           
                                           ;	code size estimation:
                                           ;	    2+    0 =     2 instructions (    4 byte)
                                           
                                           	end


MEMORY USAGE MAP ('X' = Used,  '-' = Unused)

0000 : XXXXXXXXXXXXXX-- ---------------- ---------------- ----------------

All other memory blocks unused.

Program Memory Words Used:     7

