gplink-2.0.0_beta2 (Nov  6 2017)
Listing File Generated: 2017-12-19  11:53:08
 
 
Address  Value    Disassembly              Source
-------  -----    -----------              ------
                                           ;--------------------------------------------------------
                                           ; File Created by SN-SDCC : SinoMCU ANSI-C Compiler
                                           ; Version 1.1.0 (Dec 19 2017) (MINGW32)
                                           ; This file was generated Tue Dec 19 11:53:08 2017
                                           ;--------------------------------------------------------
                                           ; MC35 port for the RISC core
                                           ;--------------------------------------------------------
                                           ;	.file	"setglobal.c"
                                           	list	p=2K7041
                                           	radix dec
                                           	include "2K7041.inc"
                                           		LIST
                                           ;mc35p7041.inc    Standard Header File, Version 1.00 by Sinomcu
                                           		NOLIST
                                           ;--------------------------------------------------------
                                           ; external declarations
                                           ;--------------------------------------------------------
                                           	extern	_HIBYTEbits
                                           	extern	_FSR0bits
                                           	extern	_FSR1bits
                                           	extern	_PFLAGbits
                                           	extern	_ZEROTRbits
                                           	extern	_OSCCALbits
                                           	extern	_WKCR0bits
                                           	extern	_WKCR5bits
                                           	extern	_ADIOS0bits
                                           	extern	_ADIOS1bits
                                           	extern	_ADIOS2bits
                                           	extern	_ADCR0bits
                                           	extern	_ADCR1bits
                                           	extern	_ADCR2bits
                                           	extern	_OEP0bits
                                           	extern	_EINTCRbits
                                           	extern	_OEP4bits
                                           	extern	_OEP5bits
                                           	extern	_INTFbits
                                           	extern	_INTEbits
                                           	extern	_OSCMbits
                                           	extern	_WDTCRbits
                                           	extern	_T1LDRbits
                                           	extern	_PCLbits
                                           	extern	_PCHbits
                                           	extern	_IOP0bits
                                           	extern	_IOP4bits
                                           	extern	_IOP5bits
                                           	extern	_T0CRbits
                                           	extern	_T0CNTbits
                                           	extern	_T1CRbits
                                           	extern	_T1CNTbits
                                           	extern	_BUZCRbits
                                           	extern	_MCRbits
                                           	extern	_PUP0bits
                                           	extern	_PUP4bits
                                           	extern	_PUP5bits
                                           	extern	_INDFbits
                                           	extern	_PWMCR0bits
                                           	extern	_PWMCR1bits
                                           	extern	_PWMCNTbits
                                           	extern	_PWMADTbits
                                           	extern	_PWMBDTbits
                                           	extern	_PWMCDTbits
                                           	extern	_PWMPDbits
                                           	extern	_HIBYTE
                                           	extern	_FSR0
                                           	extern	_FSR1
                                           	extern	_PFLAG
                                           	extern	_ZEROTR
                                           	extern	_OSCCAL
                                           	extern	_WKCR0
                                           	extern	_WKCR5
                                           	extern	_ADIOS0
                                           	extern	_ADIOS1
                                           	extern	_ADIOS2
                                           	extern	_ADCR0
                                           	extern	_ADCR1
                                           	extern	_ADRH
                                           	extern	_ADRL
                                           	extern	_ADCR2
                                           	extern	_OEP0
                                           	extern	_EINTCR
                                           	extern	_OEP4
                                           	extern	_OEP5
                                           	extern	_INTF
                                           	extern	_INTE
                                           	extern	_OSCM
                                           	extern	_WDTCR
                                           	extern	_T1LDR
                                           	extern	_PCL
                                           	extern	_PCH
                                           	extern	_IOP0
                                           	extern	_IOP4
                                           	extern	_IOP5
                                           	extern	_T0CR
                                           	extern	_T0CNT
                                           	extern	_T1CR
                                           	extern	_T1CNT
                                           	extern	_BUZCR
                                           	extern	_MCR
                                           	extern	_PUP0
                                           	extern	_PUP4
                                           	extern	_PUP5
                                           	extern	_INDF
                                           	extern	_PWMCR0
                                           	extern	_PWMCR1
                                           	extern	_PWMCNT
                                           	extern	_PWMADT
                                           	extern	_PWMBDT
                                           	extern	_PWMCDT
                                           	extern	_PWMPD
                                           	extern	_STKR0L
                                           	extern	_STKR0H
                                           	extern	_STKR1L
                                           	extern	_STKR1H
                                           	extern	_STKR2L
                                           	extern	_STKR2H
                                           	extern	_STKR3L
                                           	extern	_STKR3H
                                           	extern	_STKR4L
                                           	extern	_STKR4H
                                           	extern	_STKR5L
                                           	extern	_STKR5H
                                           	extern	_STKR6L
                                           	extern	_STKR6H
                                           	extern	_STKR7L
                                           	extern	_STKR7H
                                           	extern	__gptrget1
                                           ;--------------------------------------------------------
                                           ; global declarations
                                           ;--------------------------------------------------------
                                           	global	_main
                                           	global	_c_a
                                           	global	_c_b
                                           
                                           	global STK06
                                           	global STK05
                                           	global STK04
                                           	global STK03
                                           	global STK02
                                           	global STK01
                                           	global STK00
                                           
                                           sharebank udata_ovr 0x0000
                                           STK06	res 1
                                           STK05	res 1
                                           STK04	res 1
                                           STK03	res 1
                                           STK02	res 1
                                           STK01	res 1
                                           STK00	res 1
                                           
                                           ;--------------------------------------------------------
                                           ; global definitions
                                           ;--------------------------------------------------------
                                           ;--------------------------------------------------------
                                           ; absolute symbol definitions
                                           ;--------------------------------------------------------
                                           ;--------------------------------------------------------
                                           ; compiler-defined variables
                                           ;--------------------------------------------------------
                                           UDL_setglobal_0	udata
                                           r0x1001	res	1
                                           ;--------------------------------------------------------
                                           ; initialized data
                                           ;--------------------------------------------------------
                                           
                                           ID_setglobal_0	idata
                                           _c_a
                                           	db	0x05
                                           
                                           
                                           ID_setglobal_1	code
                                           _c_b
00003b   0064     dw      0x64             	dw 0x64
                                           
                                           
                                           ;@Allocation info for local variables in function 'main'
                                           ;@main main                      Allocated to registers ;size:2
                                           ;@main HIBYTEbits                Allocated to registers ;size:1
                                           ;@main FSR0bits                  Allocated to registers ;size:1
                                           ;@main FSR1bits                  Allocated to registers ;size:1
                                           ;@main PFLAGbits                 Allocated to registers ;size:1
                                           ;@main ZEROTRbits                Allocated to registers ;size:1
                                           ;@main OSCCALbits                Allocated to registers ;size:1
                                           ;@main WKCR0bits                 Allocated to registers ;size:1
                                           ;@main WKCR5bits                 Allocated to registers ;size:1
                                           ;@main ADIOS0bits                Allocated to registers ;size:1
                                           ;@main ADIOS1bits                Allocated to registers ;size:1
                                           ;@main ADIOS2bits                Allocated to registers ;size:1
                                           ;@main ADCR0bits                 Allocated to registers ;size:1
                                           ;@main ADCR1bits                 Allocated to registers ;size:1
                                           ;@main ADCR2bits                 Allocated to registers ;size:1
                                           ;@main OEP0bits                  Allocated to registers ;size:1
                                           ;@main EINTCRbits                Allocated to registers ;size:1
                                           ;@main OEP4bits                  Allocated to registers ;size:1
                                           ;@main OEP5bits                  Allocated to registers ;size:1
                                           ;@main INTFbits                  Allocated to registers ;size:1
                                           ;@main INTEbits                  Allocated to registers ;size:1
                                           ;@main OSCMbits                  Allocated to registers ;size:1
                                           ;@main WDTCRbits                 Allocated to registers ;size:1
                                           ;@main T1LDRbits                 Allocated to registers ;size:1
                                           ;@main PCLbits                   Allocated to registers ;size:1
                                           ;@main PCHbits                   Allocated to registers ;size:1
                                           ;@main IOP0bits                  Allocated to registers ;size:1
                                           ;@main IOP4bits                  Allocated to registers ;size:1
                                           ;@main IOP5bits                  Allocated to registers ;size:1
                                           ;@main T0CRbits                  Allocated to registers ;size:1
                                           ;@main T0CNTbits                 Allocated to registers ;size:1
                                           ;@main T1CRbits                  Allocated to registers ;size:1
                                           ;@main T1CNTbits                 Allocated to registers ;size:1
                                           ;@main BUZCRbits                 Allocated to registers ;size:1
                                           ;@main MCRbits                   Allocated to registers ;size:1
                                           ;@main PUP0bits                  Allocated to registers ;size:1
                                           ;@main PUP4bits                  Allocated to registers ;size:1
                                           ;@main PUP5bits                  Allocated to registers ;size:1
                                           ;@main INDFbits                  Allocated to registers ;size:1
                                           ;@main PWMCR0bits                Allocated to registers ;size:1
                                           ;@main PWMCR1bits                Allocated to registers ;size:1
                                           ;@main PWMCNTbits                Allocated to registers ;size:1
                                           ;@main PWMADTbits                Allocated to registers ;size:1
                                           ;@main PWMBDTbits                Allocated to registers ;size:1
                                           ;@main PWMCDTbits                Allocated to registers ;size:1
                                           ;@main PWMPDbits                 Allocated to registers ;size:1
                                           ;@main c_a                       Allocated to registers ;size:1
                                           ;@main HIBYTE                    Allocated to registers ;size:1
                                           ;@main FSR0                      Allocated to registers ;size:1
                                           ;@main FSR1                      Allocated to registers ;size:1
                                           ;@main PFLAG                     Allocated to registers ;size:1
                                           ;@main ZEROTR                    Allocated to registers ;size:1
                                           ;@main OSCCAL                    Allocated to registers ;size:1
                                           ;@main WKCR0                     Allocated to registers ;size:1
                                           ;@main WKCR5                     Allocated to registers ;size:1
                                           ;@main ADIOS0                    Allocated to registers ;size:1
                                           ;@main ADIOS1                    Allocated to registers ;size:1
                                           ;@main ADIOS2                    Allocated to registers ;size:1
                                           ;@main ADCR0                     Allocated to registers ;size:1
                                           ;@main ADCR1                     Allocated to registers ;size:1
                                           ;@main ADRH                      Allocated to registers ;size:1
                                           ;@main ADRL                      Allocated to registers ;size:1
                                           ;@main ADCR2                     Allocated to registers ;size:1
                                           ;@main OEP0                      Allocated to registers ;size:1
                                           ;@main EINTCR                    Allocated to registers ;size:1
                                           ;@main OEP4                      Allocated to registers ;size:1
                                           ;@main OEP5                      Allocated to registers ;size:1
                                           ;@main INTF                      Allocated to registers ;size:1
                                           ;@main INTE                      Allocated to registers ;size:1
                                           ;@main OSCM                      Allocated to registers ;size:1
                                           ;@main WDTCR                     Allocated to registers ;size:1
                                           ;@main T1LDR                     Allocated to registers ;size:1
                                           ;@main PCL                       Allocated to registers ;size:1
                                           ;@main PCH                       Allocated to registers ;size:1
                                           ;@main IOP0                      Allocated to registers ;size:1
                                           ;@main IOP4                      Allocated to registers ;size:1
                                           ;@main IOP5                      Allocated to registers ;size:1
                                           ;@main T0CR                      Allocated to registers ;size:1
                                           ;@main T0CNT                     Allocated to registers ;size:1
                                           ;@main T1CR                      Allocated to registers ;size:1
                                           ;@main T1CNT                     Allocated to registers ;size:1
                                           ;@main BUZCR                     Allocated to registers ;size:1
                                           ;@main MCR                       Allocated to registers ;size:1
                                           ;@main PUP0                      Allocated to registers ;size:1
                                           ;@main PUP4                      Allocated to registers ;size:1
                                           ;@main PUP5                      Allocated to registers ;size:1
                                           ;@main INDF                      Allocated to registers ;size:1
                                           ;@main PWMCR0                    Allocated to registers ;size:1
                                           ;@main PWMCR1                    Allocated to registers ;size:1
                                           ;@main PWMCNT                    Allocated to registers ;size:1
                                           ;@main PWMADT                    Allocated to registers ;size:1
                                           ;@main PWMBDT                    Allocated to registers ;size:1
                                           ;@main PWMCDT                    Allocated to registers ;size:1
                                           ;@main PWMPD                     Allocated to registers ;size:1
                                           ;@main STKR0L                    Allocated to registers ;size:1
                                           ;@main STKR0H                    Allocated to registers ;size:1
                                           ;@main STKR1L                    Allocated to registers ;size:1
                                           ;@main STKR1H                    Allocated to registers ;size:1
                                           ;@main STKR2L                    Allocated to registers ;size:1
                                           ;@main STKR2H                    Allocated to registers ;size:1
                                           ;@main STKR3L                    Allocated to registers ;size:1
                                           ;@main STKR3H                    Allocated to registers ;size:1
                                           ;@main STKR4L                    Allocated to registers ;size:1
                                           ;@main STKR4H                    Allocated to registers ;size:1
                                           ;@main STKR5L                    Allocated to registers ;size:1
                                           ;@main STKR5H                    Allocated to registers ;size:1
                                           ;@main STKR6L                    Allocated to registers ;size:1
                                           ;@main STKR6H                    Allocated to registers ;size:1
                                           ;@main STKR7L                    Allocated to registers ;size:1
                                           ;@main STKR7H                    Allocated to registers ;size:1
                                           ;@end Allocation info for local variables in function 'main';
                                           
                                           ;--------------------------------------------------------
                                           ; overlayable items in internal ram 
                                           ;--------------------------------------------------------
                                           ;	udata_ovr
                                           ;--------------------------------------------------------
                                           ; reset vector 
                                           ;--------------------------------------------------------
                                           STARTUP	code 0x0000
000000   8001     goto    0x1              	goto	_main
                                           ;--------------------------------------------------------
                                           ; code
                                           ;--------------------------------------------------------
                                           code_setglobal	code
                                           ;***
                                           ;  pBlock Stats: dbName = M
                                           ;***
                                           ;entry:  _main	;Function start
                                           ; 2 exit points
                                           ;has an exit
                                           ;functions called:
                                           ;   __gptrget1
                                           ;   __gptrget1
                                           ;3 compiler assigned registers:
                                           ;   STK01
                                           ;   STK00
                                           ;   r0x1001
                                           ;; Starting pCode block
                                           _main	;Function start
                                           ; 2 exit points
                                           ;;genAssign from CODESPACE
                                           ;	.line	11; "setglobal.c"	IOP0 = c_a + c_b;
000001   1e3b     movar   0x3b             	MOVAR	low (_c_b+0)
000002   1f05     movra   0x5              	MOVRA	STK01
000003   1e3c     movar   0x3c             	MOVAR	low (_c_b+1)
000004   1f06     movra   0x6              	MOVRA	STK00
000005   2d80     movai   0x80             	MOVAI	0x80
000006   c020     call    0x20             	CALL	__gptrget1
000007   1f07     movra   0x7              	MOVRA	r0x1001
000008   1e07     movar   0x7              	MOVAR	r0x1001
000009   1208     addar   0x8              	ADDAR	_c_a
00000a   1fd0     movra   0xd0             	MOVRA	_IOP0
                                           ;	.line	12; "setglobal.c"	IOP4 = c_a - c_b;
00000b   1e07     movar   0x7              	MOVAR	r0x1001
00000c   2c08     xch     0x8              	XCH	_c_a
00000d   2308     asubra  0x8              	ASUBRA	_c_a
00000e   2c08     xch     0x8              	XCH	_c_a
00000f   1fd4     movra   0xd4             	MOVRA	_IOP4
                                           ;;swapping arguments (AOP_TYPEs 1/3)
                                           ;;signed compare: left >= lit(0x1=1), size=1, mask=ff
                                           ;	.line	14; "setglobal.c"	if (c_a > 0) IOP0 = c_b;
000010   1e08     movar   0x8              	MOVAR	_c_a
000011   1480     addai   0x80             	ADDAI	0x80
000012   147f     addai   0x7f             	ADDAI	0x7f
000013   5a86     jbset   0x86, 0x2        	JBSET	PFLAG,2
000014   8017     goto    0x17             	GOTO	_00106_DS_
                                           ;;genSkipc:3223: created from rifx:00DD608C
000015   1e07     movar   0x7              	MOVAR	r0x1001
000016   1fd0     movra   0xd0             	MOVRA	_IOP0
                                           ;;swapping arguments (AOP_TYPEs 1/3)
                                           ;;signed compare: left >= lit(0xFFFFFFFE=-2), size=1, mask=ff
                                           _00106_DS_
                                           ;	.line	16; "setglobal.c"	if (c_a > -3) IOP0 = c_b;
000017   1e08     movar   0x8              	MOVAR	_c_a
000018   1480     addai   0x80             	ADDAI	0x80
000019   1482     addai   0x82             	ADDAI	0x82
00001a   5a86     jbset   0x86, 0x2        	JBSET	PFLAG,2
00001b   801e     goto    0x1e             	GOTO	_00110_DS_
                                           ;;genSkipc:3223: created from rifx:00DD608C
00001c   1e07     movar   0x7              	MOVAR	r0x1001
00001d   1fd0     movra   0xd0             	MOVRA	_IOP0
                                           _00110_DS_
                                           ;	.line	18; "setglobal.c"	while(1);
00001e   801e     goto    0x1e             	GOTO	_00110_DS_
00001f   0e00     return                   	RETURN	
                                           ; exit point of _main
                                           
                                           
                                           ;	code size estimation:
                                           ;	   31+    0 =    31 instructions (   62 byte)
                                           
                                           	end
                                           		LIST
                                           ;mc35p7041.inc    Standard Header File, Version 1.00 by Sinomcu
                                           		NOLIST
                                           ;--------------------------------------------------------------------------
                                           ;  p16f_common.inc - definitions common to all 14 bit PIC devices
                                           ;
                                           ;  Copyright (C) 2005, Vangelis Rokas <vrokas AT otenet.gr>
                                           ;
                                           ;  This library is free software; you can redistribute it and/or modify it
                                           ;  under the terms of the GNU General Public License as published by the
                                           ;  Free Software Foundation; either version 2, or (at your option) any
                                           ;  later version.
                                           ;
                                           ;  This library is distributed in the hope that it will be useful,
                                           ;  but WITHOUT ANY WARRANTY; without even the implied warranty of
                                           ;  MERCHANTABILITY or FITNESS FOR A PARTICULAR PURPOSE. See the
                                           ;  GNU General Public License for more details.
                                           ;
                                           ;  You should have received a copy of the GNU General Public License 
                                           ;  along with this library; see the file COPYING. If not, write to the
                                           ;  Free Software Foundation, 51 Franklin Street, Fifth Floor, Boston,
                                           ;   MA 02110-1301, USA.
                                           ;
                                           ;  As a special exception, if you link this library with other files,
                                           ;  some of which are compiled with SDCC, to produce an executable,
                                           ;  this library does not by itself cause the resulting executable to
                                           ;  be covered by the GNU General Public License. This exception does
                                           ;  not however invalidate any other reasons why the executable file
                                           ;  might be covered by the GNU General Public License.
                                           ;--------------------------------------------------------------------------
                                           
                                           		extern	STK00
                                           		extern	STK01
                                           		extern	STK02
                                           		extern	STK03
                                           		extern	STK04
                                           		extern	STK05
                                           


MEMORY USAGE MAP ('X' = Used,  '-' = Unused)

0000 : XXXXXXXXXXXXXXXX XXXXXXXXXXXXXXXX XXXXXXXXXXXXXXXX XXXXXXXXXXXXXXXX
0040 : XXXXXXXXXXXXXXXX XXXXXXXXXXXXXXXX XXXXXXXXXXXXXXXX XXXXXXXX--------

All other memory blocks unused.

Program Memory Words Used:    60

