gplink-2.0.0_beta2 (Nov  6 2017)
Listing File Generated: 2017-12-19  11:53:35
 
 
Address  Value    Disassembly              Source
-------  -----    -----------              ------
                                           ;--------------------------------------------------------
                                           ; File Created by SN-SDCC : SinoMCU ANSI-C Compiler
                                           ; Version 1.1.0 (Dec 19 2017) (MINGW32)
                                           ; This file was generated Tue Dec 19 11:53:35 2017
                                           ;--------------------------------------------------------
                                           ; MC35 port for the RISC core
                                           ;--------------------------------------------------------
                                           ;	.file	"type_char.c"
                                           	list	p=2K7041
                                           	radix dec
                                           	include "2K7041.inc"
                                           		LIST
                                           ;mc35p7041.inc    Standard Header File, Version 1.00 by Sinomcu
                                           		NOLIST
                                           ;--------------------------------------------------------
                                           ; external declarations
                                           ;--------------------------------------------------------
                                           	extern	_HIBYTEbits
                                           	extern	_FSR0bits
                                           	extern	_FSR1bits
                                           	extern	_PFLAGbits
                                           	extern	_ZEROTRbits
                                           	extern	_OSCCALbits
                                           	extern	_WKCR0bits
                                           	extern	_WKCR5bits
                                           	extern	_ADIOS0bits
                                           	extern	_ADIOS1bits
                                           	extern	_ADIOS2bits
                                           	extern	_ADCR0bits
                                           	extern	_ADCR1bits
                                           	extern	_ADCR2bits
                                           	extern	_OEP0bits
                                           	extern	_EINTCRbits
                                           	extern	_OEP4bits
                                           	extern	_OEP5bits
                                           	extern	_INTFbits
                                           	extern	_INTEbits
                                           	extern	_OSCMbits
                                           	extern	_WDTCRbits
                                           	extern	_T1LDRbits
                                           	extern	_PCLbits
                                           	extern	_PCHbits
                                           	extern	_IOP0bits
                                           	extern	_IOP4bits
                                           	extern	_IOP5bits
                                           	extern	_T0CRbits
                                           	extern	_T0CNTbits
                                           	extern	_T1CRbits
                                           	extern	_T1CNTbits
                                           	extern	_BUZCRbits
                                           	extern	_MCRbits
                                           	extern	_PUP0bits
                                           	extern	_PUP4bits
                                           	extern	_PUP5bits
                                           	extern	_INDFbits
                                           	extern	_PWMCR0bits
                                           	extern	_PWMCR1bits
                                           	extern	_PWMCNTbits
                                           	extern	_PWMADTbits
                                           	extern	_PWMBDTbits
                                           	extern	_PWMCDTbits
                                           	extern	_PWMPDbits
                                           	extern	_HIBYTE
                                           	extern	_FSR0
                                           	extern	_FSR1
                                           	extern	_PFLAG
                                           	extern	_ZEROTR
                                           	extern	_OSCCAL
                                           	extern	_WKCR0
                                           	extern	_WKCR5
                                           	extern	_ADIOS0
                                           	extern	_ADIOS1
                                           	extern	_ADIOS2
                                           	extern	_ADCR0
                                           	extern	_ADCR1
                                           	extern	_ADRH
                                           	extern	_ADRL
                                           	extern	_ADCR2
                                           	extern	_OEP0
                                           	extern	_EINTCR
                                           	extern	_OEP4
                                           	extern	_OEP5
                                           	extern	_INTF
                                           	extern	_INTE
                                           	extern	_OSCM
                                           	extern	_WDTCR
                                           	extern	_T1LDR
                                           	extern	_PCL
                                           	extern	_PCH
                                           	extern	_IOP0
                                           	extern	_IOP4
                                           	extern	_IOP5
                                           	extern	_T0CR
                                           	extern	_T0CNT
                                           	extern	_T1CR
                                           	extern	_T1CNT
                                           	extern	_BUZCR
                                           	extern	_MCR
                                           	extern	_PUP0
                                           	extern	_PUP4
                                           	extern	_PUP5
                                           	extern	_INDF
                                           	extern	_PWMCR0
                                           	extern	_PWMCR1
                                           	extern	_PWMCNT
                                           	extern	_PWMADT
                                           	extern	_PWMBDT
                                           	extern	_PWMCDT
                                           	extern	_PWMPD
                                           	extern	_STKR0L
                                           	extern	_STKR0H
                                           	extern	_STKR1L
                                           	extern	_STKR1H
                                           	extern	_STKR2L
                                           	extern	_STKR2H
                                           	extern	_STKR3L
                                           	extern	_STKR3H
                                           	extern	_STKR4L
                                           	extern	_STKR4H
                                           	extern	_STKR5L
                                           	extern	_STKR5H
                                           	extern	_STKR6L
                                           	extern	_STKR6H
                                           	extern	_STKR7L
                                           	extern	_STKR7H
                                           ;--------------------------------------------------------
                                           ; global declarations
                                           ;--------------------------------------------------------
                                           	global	_main
                                           	global	_c_a
                                           	global	_c_b
                                           	global	_uc_a
                                           	global	_uc_b
                                           	global	_ram2
                                           	global	_ram1
                                           	global	_cram
                                           
                                           	global STK06
                                           	global STK05
                                           	global STK04
                                           	global STK03
                                           	global STK02
                                           	global STK01
                                           	global STK00
                                           
                                           sharebank udata_ovr 0x0000
                                           STK06	res 1
                                           STK05	res 1
                                           STK04	res 1
                                           STK03	res 1
                                           STK02	res 1
                                           STK01	res 1
                                           STK00	res 1
                                           
                                           ;--------------------------------------------------------
                                           ; global definitions
                                           ;--------------------------------------------------------
                                           UD_type_char_0	udata
                                           _c_a	res	1
                                           
                                           UD_type_char_1	udata
                                           _c_b	res	1
                                           
                                           UD_type_char_2	udata
                                           _uc_a	res	1
                                           
                                           UD_type_char_3	udata
                                           _uc_b	res	1
                                           
                                           ;--------------------------------------------------------
                                           ; absolute symbol definitions
                                           ;--------------------------------------------------------
                                           UD_abs_type_char_20	udata_ovr	0x0020
                                           _ram1
                                           	res	1
                                           UD_abs_type_char_21	udata_ovr	0x0021
                                           _ram2
                                           	res	1
                                           UD_abs_type_char_30	udata_ovr	0x0030
                                           _cram
                                           	res	1
                                           ;--------------------------------------------------------
                                           ; compiler-defined variables
                                           ;--------------------------------------------------------
                                           UDL_type_char_0	udata
                                           r0x1004	res	1
                                           r0x1005	res	1
                                           ;--------------------------------------------------------
                                           ; initialized data
                                           ;--------------------------------------------------------
                                           
                                           ;@Allocation info for local variables in function 'main'
                                           ;@main main                      Allocated to registers ;size:2
                                           ;@main HIBYTEbits                Allocated to registers ;size:1
                                           ;@main FSR0bits                  Allocated to registers ;size:1
                                           ;@main FSR1bits                  Allocated to registers ;size:1
                                           ;@main PFLAGbits                 Allocated to registers ;size:1
                                           ;@main ZEROTRbits                Allocated to registers ;size:1
                                           ;@main OSCCALbits                Allocated to registers ;size:1
                                           ;@main WKCR0bits                 Allocated to registers ;size:1
                                           ;@main WKCR5bits                 Allocated to registers ;size:1
                                           ;@main ADIOS0bits                Allocated to registers ;size:1
                                           ;@main ADIOS1bits                Allocated to registers ;size:1
                                           ;@main ADIOS2bits                Allocated to registers ;size:1
                                           ;@main ADCR0bits                 Allocated to registers ;size:1
                                           ;@main ADCR1bits                 Allocated to registers ;size:1
                                           ;@main ADCR2bits                 Allocated to registers ;size:1
                                           ;@main OEP0bits                  Allocated to registers ;size:1
                                           ;@main EINTCRbits                Allocated to registers ;size:1
                                           ;@main OEP4bits                  Allocated to registers ;size:1
                                           ;@main OEP5bits                  Allocated to registers ;size:1
                                           ;@main INTFbits                  Allocated to registers ;size:1
                                           ;@main INTEbits                  Allocated to registers ;size:1
                                           ;@main OSCMbits                  Allocated to registers ;size:1
                                           ;@main WDTCRbits                 Allocated to registers ;size:1
                                           ;@main T1LDRbits                 Allocated to registers ;size:1
                                           ;@main PCLbits                   Allocated to registers ;size:1
                                           ;@main PCHbits                   Allocated to registers ;size:1
                                           ;@main IOP0bits                  Allocated to registers ;size:1
                                           ;@main IOP4bits                  Allocated to registers ;size:1
                                           ;@main IOP5bits                  Allocated to registers ;size:1
                                           ;@main T0CRbits                  Allocated to registers ;size:1
                                           ;@main T0CNTbits                 Allocated to registers ;size:1
                                           ;@main T1CRbits                  Allocated to registers ;size:1
                                           ;@main T1CNTbits                 Allocated to registers ;size:1
                                           ;@main BUZCRbits                 Allocated to registers ;size:1
                                           ;@main MCRbits                   Allocated to registers ;size:1
                                           ;@main PUP0bits                  Allocated to registers ;size:1
                                           ;@main PUP4bits                  Allocated to registers ;size:1
                                           ;@main PUP5bits                  Allocated to registers ;size:1
                                           ;@main INDFbits                  Allocated to registers ;size:1
                                           ;@main PWMCR0bits                Allocated to registers ;size:1
                                           ;@main PWMCR1bits                Allocated to registers ;size:1
                                           ;@main PWMCNTbits                Allocated to registers ;size:1
                                           ;@main PWMADTbits                Allocated to registers ;size:1
                                           ;@main PWMBDTbits                Allocated to registers ;size:1
                                           ;@main PWMCDTbits                Allocated to registers ;size:1
                                           ;@main PWMPDbits                 Allocated to registers ;size:1
                                           ;@main c_a                       Allocated to registers ;size:1
                                           ;@main c_b                       Allocated to registers ;size:1
                                           ;@main uc_a                      Allocated to registers ;size:1
                                           ;@main uc_b                      Allocated to registers ;size:1
                                           ;@main ram2                      Allocated to registers ;size:1
                                           ;@main ram1                      Allocated to registers ;size:1
                                           ;@main cram                      Allocated to registers ;size:1
                                           ;@main HIBYTE                    Allocated to registers ;size:1
                                           ;@main FSR0                      Allocated to registers ;size:1
                                           ;@main FSR1                      Allocated to registers ;size:1
                                           ;@main PFLAG                     Allocated to registers ;size:1
                                           ;@main ZEROTR                    Allocated to registers ;size:1
                                           ;@main OSCCAL                    Allocated to registers ;size:1
                                           ;@main WKCR0                     Allocated to registers ;size:1
                                           ;@main WKCR5                     Allocated to registers ;size:1
                                           ;@main ADIOS0                    Allocated to registers ;size:1
                                           ;@main ADIOS1                    Allocated to registers ;size:1
                                           ;@main ADIOS2                    Allocated to registers ;size:1
                                           ;@main ADCR0                     Allocated to registers ;size:1
                                           ;@main ADCR1                     Allocated to registers ;size:1
                                           ;@main ADRH                      Allocated to registers ;size:1
                                           ;@main ADRL                      Allocated to registers ;size:1
                                           ;@main ADCR2                     Allocated to registers ;size:1
                                           ;@main OEP0                      Allocated to registers ;size:1
                                           ;@main EINTCR                    Allocated to registers ;size:1
                                           ;@main OEP4                      Allocated to registers ;size:1
                                           ;@main OEP5                      Allocated to registers ;size:1
                                           ;@main INTF                      Allocated to registers ;size:1
                                           ;@main INTE                      Allocated to registers ;size:1
                                           ;@main OSCM                      Allocated to registers ;size:1
                                           ;@main WDTCR                     Allocated to registers ;size:1
                                           ;@main T1LDR                     Allocated to registers ;size:1
                                           ;@main PCL                       Allocated to registers ;size:1
                                           ;@main PCH                       Allocated to registers ;size:1
                                           ;@main IOP0                      Allocated to registers ;size:1
                                           ;@main IOP4                      Allocated to registers ;size:1
                                           ;@main IOP5                      Allocated to registers ;size:1
                                           ;@main T0CR                      Allocated to registers ;size:1
                                           ;@main T0CNT                     Allocated to registers ;size:1
                                           ;@main T1CR                      Allocated to registers ;size:1
                                           ;@main T1CNT                     Allocated to registers ;size:1
                                           ;@main BUZCR                     Allocated to registers ;size:1
                                           ;@main MCR                       Allocated to registers ;size:1
                                           ;@main PUP0                      Allocated to registers ;size:1
                                           ;@main PUP4                      Allocated to registers ;size:1
                                           ;@main PUP5                      Allocated to registers ;size:1
                                           ;@main INDF                      Allocated to registers ;size:1
                                           ;@main PWMCR0                    Allocated to registers ;size:1
                                           ;@main PWMCR1                    Allocated to registers ;size:1
                                           ;@main PWMCNT                    Allocated to registers ;size:1
                                           ;@main PWMADT                    Allocated to registers ;size:1
                                           ;@main PWMBDT                    Allocated to registers ;size:1
                                           ;@main PWMCDT                    Allocated to registers ;size:1
                                           ;@main PWMPD                     Allocated to registers ;size:1
                                           ;@main STKR0L                    Allocated to registers ;size:1
                                           ;@main STKR0H                    Allocated to registers ;size:1
                                           ;@main STKR1L                    Allocated to registers ;size:1
                                           ;@main STKR1H                    Allocated to registers ;size:1
                                           ;@main STKR2L                    Allocated to registers ;size:1
                                           ;@main STKR2H                    Allocated to registers ;size:1
                                           ;@main STKR3L                    Allocated to registers ;size:1
                                           ;@main STKR3H                    Allocated to registers ;size:1
                                           ;@main STKR4L                    Allocated to registers ;size:1
                                           ;@main STKR4H                    Allocated to registers ;size:1
                                           ;@main STKR5L                    Allocated to registers ;size:1
                                           ;@main STKR5H                    Allocated to registers ;size:1
                                           ;@main STKR6L                    Allocated to registers ;size:1
                                           ;@main STKR6H                    Allocated to registers ;size:1
                                           ;@main STKR7L                    Allocated to registers ;size:1
                                           ;@main STKR7H                    Allocated to registers ;size:1
                                           ;@end Allocation info for local variables in function 'main';
                                           
                                           ;--------------------------------------------------------
                                           ; overlayable items in internal ram 
                                           ;--------------------------------------------------------
                                           ;	udata_ovr
                                           ;--------------------------------------------------------
                                           ; reset vector 
                                           ;--------------------------------------------------------
                                           STARTUP	code 0x0000
000000   8001     goto    0x1              	goto	_main
                                           ;--------------------------------------------------------
                                           ; code
                                           ;--------------------------------------------------------
                                           code_type_char	code
                                           ;***
                                           ;  pBlock Stats: dbName = M
                                           ;***
                                           ;entry:  _main	;Function start
                                           ; 2 exit points
                                           ;has an exit
                                           ;2 compiler assigned registers:
                                           ;   r0x1004
                                           ;   r0x1005
                                           ;; Starting pCode block
                                           _main	;Function start
                                           ; 2 exit points
                                           ;	.line	15; "type_char.c"	ram1 = 0x05;
000001   2d05     movai   0x5              	MOVAI	0x05
000002   1f20     movra   0x20             	MOVRA	_ram1
                                           ;	.line	16; "type_char.c"	ram2 = 0xf3;
000003   2df3     movai   0xf3             	MOVAI	0xf3
000004   1f21     movra   0x21             	MOVRA	_ram2
                                           ;	.line	18; "type_char.c"	c_a = ram1;
000005   1e20     movar   0x20             	MOVAR	_ram1
000006   1f24     movra   0x24             	MOVRA	_c_a
                                           ;	.line	19; "type_char.c"	c_b = ram2;
000007   1e21     movar   0x21             	MOVAR	_ram2
000008   1f25     movra   0x25             	MOVRA	_c_b
                                           ;	.line	20; "type_char.c"	uc_a = ram1;
000009   1e20     movar   0x20             	MOVAR	_ram1
00000a   1f26     movra   0x26             	MOVRA	_uc_a
                                           ;	.line	21; "type_char.c"	uc_b = ram2;
00000b   1e21     movar   0x21             	MOVAR	_ram2
00000c   1f27     movra   0x27             	MOVRA	_uc_b
                                           ;	.line	23; "type_char.c"	cram = c_a + c_b;	   	   	// 0xf8
00000d   1e25     movar   0x25             	MOVAR	_c_b
00000e   1224     addar   0x24             	ADDAR	_c_a
00000f   1f30     movra   0x30             	MOVRA	_cram
                                           ;	.line	24; "type_char.c"	cram = uc_a + uc_b;  	   	// 0xf8
000010   1e27     movar   0x27             	MOVAR	_uc_b
000011   1226     addar   0x26             	ADDAR	_uc_a
000012   1f30     movra   0x30             	MOVRA	_cram
                                           ;	.line	25; "type_char.c"	cram = c_a - c_b;	   	   	// 0x12
000013   1e25     movar   0x25             	MOVAR	_c_b
000014   2c24     xch     0x24             	XCH	_c_a
000015   2324     asubra  0x24             	ASUBRA	_c_a
000016   2c24     xch     0x24             	XCH	_c_a
000017   1f30     movra   0x30             	MOVRA	_cram
                                           ;	.line	26; "type_char.c"	cram = uc_a - uc_b;  	   	// 0x12
000018   1e27     movar   0x27             	MOVAR	_uc_b
000019   2c26     xch     0x26             	XCH	_uc_a
00001a   2326     asubra  0x26             	ASUBRA	_uc_a
00001b   2c26     xch     0x26             	XCH	_uc_a
00001c   1f30     movra   0x30             	MOVRA	_cram
                                           ;	.line	27; "type_char.c"	cram = c_a + uc_b;   	   	   // 0xf8
00001d   1e27     movar   0x27             	MOVAR	_uc_b
00001e   1f22     movra   0x22             	MOVRA	r0x1004
00001f   1e22     movar   0x22             	MOVAR	r0x1004
000020   1224     addar   0x24             	ADDAR	_c_a
000021   1f30     movra   0x30             	MOVRA	_cram
                                           ;	.line	28; "type_char.c"	cram = uc_a + c_b;   	   	 // 0xf8
000022   1e26     movar   0x26             	MOVAR	_uc_a
000023   1f23     movra   0x23             	MOVRA	r0x1005
000024   1e25     movar   0x25             	MOVAR	_c_b
000025   1223     addar   0x23             	ADDAR	r0x1005
000026   1f30     movra   0x30             	MOVRA	_cram
                                           ;	.line	29; "type_char.c"	cram = uc_a - c_b;   	   	   // 0x12
000027   1e25     movar   0x25             	MOVAR	_c_b
000028   2c23     xch     0x23             	XCH	r0x1005
000029   2323     asubra  0x23             	ASUBRA	r0x1005
00002a   2c23     xch     0x23             	XCH	r0x1005
00002b   1f30     movra   0x30             	MOVRA	_cram
                                           ;	.line	30; "type_char.c"	cram = c_a - uc_b;   	   	 // 0x12
00002c   1e22     movar   0x22             	MOVAR	r0x1004
00002d   2c24     xch     0x24             	XCH	_c_a
00002e   2324     asubra  0x24             	ASUBRA	_c_a
00002f   2c24     xch     0x24             	XCH	_c_a
000030   1f30     movra   0x30             	MOVRA	_cram
                                           ;;swapping arguments (AOP_TYPEs 1/3)
                                           ;;signed compare: left >= lit(0x1=1), size=1, mask=ff
                                           ;	.line	32; "type_char.c"	if (c_a > 0) cram = c_b; 	   	   	// true
000031   1e24     movar   0x24             	MOVAR	_c_a
000032   1480     addai   0x80             	ADDAI	0x80
000033   147f     addai   0x7f             	ADDAI	0x7f
000034   5a86     jbset   0x86, 0x2        	JBSET	PFLAG,2
000035   8038     goto    0x38             	GOTO	_00106_DS_
                                           ;;genSkipc:3223: created from rifx:00DD608C
000036   1e25     movar   0x25             	MOVAR	_c_b
000037   1f30     movra   0x30             	MOVRA	_cram
                                           _00106_DS_
                                           ;	.line	33; "type_char.c"	if (uc_a > 0) cram = uc_b + 1;   	// true
000038   2d00     movai   0                	MOVAI	0x00
000039   1826     orar    0x26             	ORAR	_uc_a
00003a   5086     jbclr   0x86, 0          	JBCLR	PFLAG,0
00003b   803f     goto    0x3f             	GOTO	_00108_DS_
00003c   1527     jzar    0x27             	JZAR	_uc_b
00003d   0000     nop                      	NOP	
00003e   1f30     movra   0x30             	MOVRA	_cram
                                           ;;swapping arguments (AOP_TYPEs 1/3)
                                           ;;signed compare: left >= lit(0xFFFFFFFE=-2), size=1, mask=ff
                                           _00108_DS_
                                           ;	.line	35; "type_char.c"	if (c_b > -3) cram = c_b + 2;	   	// false
00003f   1e25     movar   0x25             	MOVAR	_c_b
000040   1480     addai   0x80             	ADDAI	0x80
000041   1482     addai   0x82             	ADDAI	0x82
000042   5a86     jbset   0x86, 0x2        	JBSET	PFLAG,2
000043   8047     goto    0x47             	GOTO	_00111_DS_
                                           ;;genSkipc:3223: created from rifx:00DD608C
000044   2d02     movai   0x2              	MOVAI	0x02
000045   1225     addar   0x25             	ADDAR	_c_b
000046   1f30     movra   0x30             	MOVRA	_cram
                                           _00111_DS_
                                           ;	.line	36; "type_char.c"	if (uc_b > -3) cram = uc_b + 3;  	// true
000047   2d03     movai   0x3              	MOVAI	0x03
000048   1227     addar   0x27             	ADDAR	_uc_b
000049   1f30     movra   0x30             	MOVRA	_cram
                                           _00114_DS_
                                           ;	.line	38; "type_char.c"	while(1);
00004a   804a     goto    0x4a             	GOTO	_00114_DS_
00004b   0e00     return                   	RETURN	
                                           ; exit point of _main
                                           
                                           
                                           ;	code size estimation:
                                           ;	   75+    0 =    75 instructions (  150 byte)
                                           
                                           	end


MEMORY USAGE MAP ('X' = Used,  '-' = Unused)

0000 : XXXXXXXXXXXXXXXX XXXXXXXXXXXXXXXX XXXXXXXXXXXXXXXX XXXXXXXXXXXXXXXX
0040 : XXXXXXXXXXXXXXXX XXXXXXXXXXXXXXXX XXXXXXXXXXXXXXXX XXXXXXXXXXXXXXXX
0080 : XXXXXXXXXXXXXXXX XXXXXXXX-------- ---------------- ----------------

All other memory blocks unused.

Program Memory Words Used:    76

