gpasm-2.0.0_beta2 (Aug 27 2017)type_double.asm    2017-9-27  18:18:59          PAGE  1


LOC  OBJECT CODE     LINE SOURCE TEXT
  VALUE

                      00001 ;--------------------------------------------------------
                      00002 ; File Created by SN-SDCC : SinoMCU ANSI-C Compiler
                      00003 ; Version 1.0.0 (Sep 27 2017) (MINGW32)
                      00004 ; This file was generated Wed Sep 27 18:18:59 2017
                      00005 ;--------------------------------------------------------
                      00006 ; MC35 port for the RISC core
                      00007 ;--------------------------------------------------------
                      00008 ;       .file   "type_double.c"
                      00009         list    p=3221
                      00010         radix dec
                      00011         include "3221.inc"
                      00001 
                      00002 ;==========================================================================
                      00003 ;
                      00004 ;       Revision History
                      00005 ;
                      00006 ;==========================================================================
                      00007 
                      00008 ;Rev:   Date:    Reason:
                      00009 
                      00010 ;1.00   12/06/21 Initial Release
                      00011 
                      00012 ;==========================================================================
                      00013 ;
                      00014 ;       Register Definitions
                      00015 ;
                      00016 ;==========================================================================
                      00017 
                      00018 ;W                            EQU     H'0000'
                      00019 ;F                            EQU     H'0001'
                      00020 
                      00021 ;----- Register Files------------------------------------------------------
  00000180            00022 INDF0              EQU     0x180
  00000181            00023 INDF1                    EQU       0x181
  00000182            00024 INDF2                    EQU       0x182
  00000183            00025 HIBYTE           EQU       0x183        
  00000184            00026 FSR0                     EQU       0x184
  00000185            00027 FSR1                     EQU       0x185
  00000186            00028 PCL                        EQU     0x186
  00000187            00029 PFLAG                    EQU       0x187
                      00030 ;----0x188
  00000188            00031 MCR                        EQU     0x188
  00000189            00032 INDF3                    EQU       0x189
  0000018A            00033 INTE                     EQU       0x18a
  0000018B            00034 INTF                     EQU       0x18b                
                      00035 ;----0x190
  00000190            00036 IOP0                     EQU     0x190
  00000191            00037 OEP0       EQU     0x191
  00000192            00038 PUP0       EQU     0x192    
  00000193            00039 ANSEL      EQU     0x193
  00000194            00040 IOP1       EQU     0x194               
  00000195            00041 OEP1       EQU     0x195             
  00000196            00042 PUP1       EQU     0x196
  00000197            00043 KBCR       EQU     0x197              
                      00044 ;-----0x1a0
  000001A0            00045 T0CR                     EQU     0x1a0
  000001A1            00046 T0CNT      EQU     0x1a1             
  000001A2            00047 T0LOAD     EQU     0x1a2             
  000001A3            00048 T0DATA     EQU     0x1a3             
  000001A4            00049 T1CR       EQU     0x1a4             
  000001A5            00050 T1CNT      EQU     0x1a5             
  000001A6            00051 T1LOAD     EQU     0x1a6             
  000001A7            00052 T1DATA     EQU     0x1a7             
                      00053 ;-----0x1a8
  000001AE            00054 OSCM       EQU     0x1ae
  000001AF            00055 LVDCR      EQU     0x1af                           
                      00056 ;-----0x1b0
  000001B0            00057 ADCR0                    EQU     0x1b0
  000001B1            00058 ADCR1      EQU     0x1b1             
  000001B4            00059 ADRH       EQU     0x1b4                               
  000001B5            00060 ADRL       EQU     0x1b5          
                      00061 ;----0x1f8                 
  000001FB            00062 OSCCAL           EQU       0x1fb
                      00063 
                      00064 #define         STATUS          PFLAG
                      00065 #define         INDF              INDF0
                      00066 #define         FSR                 FSR0
                      00067 #define         P0HCON          PUP0
                      00068 #define         P1HCON          PUP1
                      00069 #define         INTECON         INTE
                      00070 #define         INTFLAG   INTF
                      00071 
                      00072 ;INDF0 
                      00073 #define         INDF07          INDF0,7
                      00074 #define         INDF06          INDF0,6
                      00075 #define         INDF05          INDF0,5
                      00076 #define         INDF04          INDF0,4
                      00077 #define         INDF03          INDF0,3
                      00078 #define         INDF02          INDF0,2
                      00079 #define         INDF01          INDF0,1
                      00080 #define         INDF00          INDF0,0 
                      00081 
                      00082 ;INDF1 
                      00083 #define         INDF17          INDF1,7
                      00084 #define         INDF16          INDF1,6
                      00085 #define         INDF15          INDF1,5
                      00086 #define         INDF14          INDF1,4
                      00087 #define         INDF13          INDF1,3
                      00088 #define         INDF12          INDF1,2
                      00089 #define         INDF11          INDF1,1
                      00090 #define         INDF10          INDF1,0
                      00091 
                      00092 ;INDF2 
                      00093 #define         INDF27          INDF2,7
                      00094 #define         INDF26          INDF2,6
                      00095 #define         INDF25          INDF2,5
                      00096 #define         INDF24          INDF2,4
                      00097 #define         INDF23          INDF2,3
                      00098 #define         INDF22          INDF2,2
                      00099 #define         INDF21          INDF2,1
                      00100 #define         INDF20          INDF2,0 
                      00101 
                      00102 ;HIBYTE
                      00103 #define         HIBYTE7         HIBYTE,7
                      00104 #define         HIBYTE6         HIBYTE,6
                      00105 #define         HIBYTE5         HIBYTE,5
                      00106 #define         HIBYTE4         HIBYTE,4
                      00107 #define         HIBYTE3         HIBYTE,3
                      00108 #define         HIBYTE2         HIBYTE,2
                      00109 #define         HIBYTE1         HIBYTE,1
                      00110 #define         HIBYTE0         HIBYTE,0
                      00111 
                      00112 ;FSR0 
                      00113 #define         FSR07           FSR0,7
                      00114 #define         FSR06           FSR0,6
                      00115 #define         FSR05           FSR0,5
                      00116 #define         FSR04           FSR0,4
                      00117 #define         FSR03           FSR0,3
                      00118 #define         FSR02           FSR0,2
                      00119 #define         FSR01           FSR0,1
                      00120 #define         FSR00           FSR0,0 
                      00121 
                      00122 ;FSR1
                      00123 #define         FSR17           FSR1,7
                      00124 #define         FSR16           FSR1,6
                      00125 #define         FSR15           FSR1,5
                      00126 #define         FSR14           FSR1,4
                      00127 #define         FSR13           FSR1,3
                      00128 #define         FSR12           FSR1,2
                      00129 #define         FSR11           FSR1,1
                      00130 #define         FSR10           FSR1,0
                      00131 
                      00132 ;PCL 
                      00133 #define         PC7             PCL,7
                      00134 #define         PC6             PCL,6
                      00135 #define         PC5             PCL,5
                      00136 #define         PC4             PCL,4
                      00137 #define         PC3             PCL,3
                      00138 #define         PC2             PCL,2
                      00139 #define         PC1             PCL,1
                      00140 #define         PC0             PCL,0   
                      00141 
                      00142 ;----- STATUS Bits --------------------------
                      00143 #define Z         STATUS,2
                      00144 #define DC      STATUS,1
                      00145 #define C         STATUS,0
                      00146 
                      00147 ;----- MCR Bits --------------------------
                      00148 #define GIE         MCR,7
                      00149 #define TO          MCR,5
                      00150 #define PD          MCR,4
                      00151 #define MINT11  MCR,3
                      00152 #define MINT10  MCR,2
                      00153 #define MINT01  MCR,1
                      00154 #define MINT00  MCR,0
                      00155 
                      00156 ;INDF3 
                      00157 #define         INDF37          INDF3,7
                      00158 #define         INDF36          INDF3,6
                      00159 #define         INDF35          INDF3,5
                      00160 #define         INDF34          INDF3,4
                      00161 #define         INDF33          INDF3,3
                      00162 #define         INDF32          INDF3,2
                      00163 #define         INDF31          INDF3,1
                      00164 #define         INDF30          INDF3,0 
                      00165 
                      00166 ;----- INTE Bits --------------------------
                      00167 #define ADIE      INTE,6
                      00168 #define KBIE      INTE,4
                      00169 #define INT1IE  INTE,3
                      00170 #define INT0IE  INTE,2
                      00171 #define T1IE      INTE,1
                      00172 #define T0IE      INTE,0
                      00173 
                      00174 ;----- INTF Bits --------------------------
                      00175 #define ADIF      INTF,6
                      00176 #define KBIF      INTF,4
                      00177 #define INT1IF  INTF,3
                      00178 #define INT0IF  INTF,2
                      00179 #define T1IF      INTF,1
                      00180 #define T0IF      INTF,0
                      00181 
                      00182 ;IOP0
                      00183 #define         P04D            IOP0,4
                      00184 #define         P03D            IOP0,3
                      00185 #define         P02D            IOP0,2
                      00186 #define         P01D            IOP0,1
                      00187 #define         P00D              IOP0,0
                      00188 
                      00189 ;OEP0
                      00190 #define         P04OE           OEP0,4
                      00191 #define         P03OE           OEP0,3
                      00192 #define         P02OE           OEP0,2
                      00193 #define         P01OE           OEP0,1
                      00194 #define         P00OE           OEP0,0
                      00195 
                      00196 ;PUP0
                      00197 #define         P04PU           PUP0,4
                      00198 #define         P03PU           PUP0,3
                      00199 #define         P02PU           PUP0,2
                      00200 #define         P01PU           PUP0,1
                      00201 #define         P00PU           PUP0,0
                      00202 
                      00203 ;ANSEL
                      00204 #define         P13ANS          ANSEL,6
                      00205 #define         P12ANS          ANSEL,5
                      00206 #define         P04ANS          ANSEL,4
                      00207 #define         P03ANS          ANSEL,3
                      00208 #define         P02ANS          ANSEL,2
                      00209 #define         P01ANS          ANSEL,1
                      00210 #define         P00ANS          ANSEL,0
                      00211 
                      00212 ;IOP1
                      00213 #define         P16D            IOP1,6
                      00214 #define         P15D            IOP1,5
                      00215 #define         P14D              IOP1,4
                      00216 #define         P13D            IOP1,3
                      00217 #define         P12D            IOP1,2
                      00218 #define         P11D            IOP1,1
                      00219 #define         P10D              IOP1,0
                      00220 
                      00221 ;OEP1
                      00222 #define         P16OE           OEP1,6
                      00223 #define         P15OE           OEP1,5
                      00224 #define         P14OE           OEP1,4
                      00225 #define         P13OE           OEP1,3
                      00226 #define         P12OE           OEP1,2
                      00227 #define         P11OE           OEP1,1
                      00228 #define         P10OE           OEP1,0
                      00229 
                      00230 ;PUP1
                      00231 #define         P16PU           PUP1,6
                      00232 #define         P15PU           PUP1,5
                      00233 #define         P14PU           PUP1,4
                      00234 #define         P13PU           PUP1,3
                      00235 #define         P12PU           PUP1,2
                      00236 #define         P11PU           PUP1,1
                      00237 #define         P10PU           PUP1,0
                      00238 
                      00239 ;KBCR
                      00240 #define         KBCR6           KBCR,6
                      00241 #define         KBCR5           KBCR,5
                      00242 #define         KBCR4           KBCR,4
                      00243 #define         KBCR3           KBCR,3
                      00244 #define         KBCR2           KBCR,2
                      00245 #define         KBCR1           KBCR,1
                      00246 #define         KBCR0           KBCR,0
                      00247 
                      00248 ;----- T0CR  Bits ----------------
                      00249 #define TC0EN     T0CR,7
                      00250 #define PWM0OE  T0CR,6
                      00251 #define BUZ0OE  T0CR,5
                      00252 #define T0PTS1  T0CR,4
                      00253 #define T0PTS0  T0CR,3
                      00254 #define T0PR2     T0CR,2
                      00255 #define T0PR1     T0CR,1
                      00256 #define T0PR0     T0CR,0
                      00257 
                      00258 ;T0CNT
                      00259 #define         T0C7            T0CNT,7
                      00260 #define         T0C6            T0CNT,6
                      00261 #define         T0C5            T0CNT,5
                      00262 #define         T0C4            T0CNT,4
                      00263 #define         T0C3            T0CNT,3
                      00264 #define         T0C2            T0CNT,2
                      00265 #define         T0C1            T0CNT,1
                      00266 #define         T0C0            T0CNT,0
                      00267 
                      00268 ;T0LOAD
                      00269 #define         T0LOAD7         T0LOAD,7
                      00270 #define         T0LOAD6         T0LOAD,6
                      00271 #define         T0LOAD5         T0LOAD,5
                      00272 #define         T0LOAD4         T0LOAD,4
                      00273 #define         T0LOAD3         T0LOAD,3
                      00274 #define         T0LOAD2         T0LOAD,2
                      00275 #define         T0LOAD1         T0LOAD,1
                      00276 #define         T0LOAD0         T0LOAD,0
                      00277 
                      00278 ;T0DATA
                      00279 #define         T0DATA7         T0DATA,7
                      00280 #define         T0DATA6         T0DATA,6
                      00281 #define         T0DATA5         T0DATA,5
                      00282 #define         T0DATA4         T0DATA,4
                      00283 #define         T0DATA3         T0DATA,3
                      00284 #define         T0DATA2         T0DATA,2
                      00285 #define         T0DATA1         T0DATA,1
                      00286 #define         T0DATA0         T0DATA,0
                      00287 
                      00288 ;----- T1CR  Bits ----------------
                      00289 #define TC1EN     T1CR,7
                      00290 #define PWM1OE  T1CR,6
                      00291 #define BUZ1OE  T1CR,5
                      00292 #define T1PTS1  T1CR,4
                      00293 #define T1PTS0  T1CR,3
                      00294 #define T1PR2   T1CR,2
                      00295 #define T1PR1   T1CR,1
                      00296 #define T1PR0   T1CR,0
                      00297 
                      00298 ;T1CNT
                      00299 #define         T1C7            T1CNT,7
                      00300 #define         T1C6            T1CNT,6
                      00301 #define         T1C5            T1CNT,5
                      00302 #define         T1C4            T1CNT,4
                      00303 #define         T1C3            T1CNT,3
                      00304 #define         T1C2            T1CNT,2
                      00305 #define         T1C1            T1CNT,1
                      00306 #define         T1C0            T1CNT,0
                      00307 
                      00308 ;T1LOAD
                      00309 #define         T1LOAD7         T1LOAD,7
                      00310 #define         T1LOAD6         T1LOAD,6
                      00311 #define         T1LOAD5         T1LOAD,5
                      00312 #define         T1LOAD4         T1LOAD,4
                      00313 #define         T1LOAD3         T1LOAD,3
                      00314 #define         T1LOAD2         T1LOAD,2
                      00315 #define         T1LOAD1         T1LOAD,1
                      00316 #define         T1LOAD0         T1LOAD,0
                      00317 
                      00318 ;T1DATA
                      00319 #define         T1DATA7         T1DATA,7
                      00320 #define         T1DATA6         T1DATA,6
                      00321 #define         T1DATA5         T1DATA,5
                      00322 #define         T1DATA4         T1DATA,4
                      00323 #define         T1DATA3         T1DATA,3
                      00324 #define         T1DATA2         T1DATA,2
                      00325 #define         T1DATA1         T1DATA,1
                      00326 #define         T1DATA0         T1DATA,0
                      00327 
                      00328 ;----- OSCM  Bits ----------------
                      00329 #define STBL    OSCM,5
                      00330 #define STBH    OSCM,4
                      00331 #define CLKS    OSCM,2
                      00332 #define LFEN    OSCM,1
                      00333 #define HFEN    OSCM,0
                      00334 
                      00335 ;-----  LVDCR Bits -------
                      00336 #define LVDEN   PLVDCR,7
                      00337 #define LVDS2   PLVDCR,6
                      00338 #define LVDS1   PLVDCR,5
                      00339 #define LVDS0   PLVDCR,4
                      00340 #define LVDF    PLVDCR,0
                      00341 
                      00342 ;---- ADCR0 Bits -----------------
                      00343 #define ADCHS3  ADCR0,7
                      00344 #define ADCHS2  ADCR0,6
                      00345 #define ADCHS1  ADCR0,5
                      00346 #define ADCHS0  ADCR0,4
                      00347 #define ADCKS1  ADCR0,3
                      00348 #define ADCKS0  ADCR0,2
                      00349 #define ADEOC     ADCR0,1
                      00350 #define ADON      ADCR0,0
                      00351 
                      00352 ;---- ADCR1 Bits -----------------
                      00353 #define VRS2    ADCR1,2
                      00354 #define VRS1      ADCR1,1
                      00355 #define VRS0      ADCR1,0
                      00356 
                      00357 ;ADRH
                      00358 #define         ADR11           ADRH,7
                      00359 #define         ADR10           ADRH,6
                      00360 #define         ADR9            ADRH,5
                      00361 #define         ADR8            ADRH,4
                      00362 #define         ADR7            ADRH,3
                      00363 #define         ADR6            ADRH,2
                      00364 #define         ADR5            ADRH,1
                      00365 #define         ADR4            ADRH,0
                      00366 
                      00367 ;ADRL
                      00368 #define         ADR3            ADRL,3
                      00369 #define         ADR2            ADRL,2
                      00370 #define         ADR1            ADRL,1
                      00371 #define         ADR0            ADRL,0
                      00372 
                      00373 ;OSCCAL
                      00374 #define         OSCCAL7         OSCCAL,7
                      00375 #define         OSCCAL6         OSCCAL,6
                      00376 #define         OSCCAL5         OSCCAL,5
                      00377 #define         OSCCAL4         OSCCAL,4
                      00378 #define         OSCCAL3         OSCCAL,3
                      00379 #define         OSCCAL2         OSCCAL,2
                      00380 #define         OSCCAL1         OSCCAL,1
                      00381 #define         OSCCAL0         OSCCAL,0
                      00382 
                      00012 ;--------------------------------------------------------
                      00013 ; external declarations
                      00014 ;--------------------------------------------------------
                      00015         extern  _STATUSbits
                      00016         extern  _MCRbits
                      00017         extern  _INTEbits
                      00018         extern  _INTFbits
                      00019         extern  _IOP0bits
                      00020         extern  _OEP0bits
                      00021         extern  _PUP0bits
                      00022         extern  _ANSELbits
                      00023         extern  _IOP1bits
                      00024         extern  _OEP1bits
                      00025         extern  _PUP1bits
                      00026         extern  _KBIMbits
                      00027         extern  _T0CRbits
                      00028         extern  _T1CRbits
                      00029         extern  _LVDCRbits
                      00030         extern  _OSCMbits
                      00031         extern  _ADCR0bits
                      00032         extern  _ADCR1bits
                      00033         extern  _INDF
                      00034         extern  _INDF0
                      00035         extern  _INDF1
                      00036         extern  _INDF2
                      00037         extern  _HIBYTE
                      00038         extern  _FSR
                      00039         extern  _FSR0
                      00040         extern  _FSR1
                      00041         extern  _PCL
                      00042         extern  _STATUS
                      00043         extern  _MCR
                      00044         extern  _INDF3
                      00045         extern  _INTE
                      00046         extern  _INTF
                      00047         extern  _IOP0
                      00048         extern  _OEP0
                      00049         extern  _PUP0
                      00050         extern  _ANSEL
                      00051         extern  _IOP1
                      00052         extern  _OEP1
                      00053         extern  _PUP1
                      00054         extern  _KBIM
                      00055         extern  _T0CR
                      00056         extern  _T0CNT
                      00057         extern  _T0LOAD
                      00058         extern  _T0DATA
                      00059         extern  _T1CR
                      00060         extern  _T1CNT
                      00061         extern  _T1LOAD
                      00062         extern  _T1DATA
                      00063         extern  _LVDCR
                      00064         extern  _OSCM
                      00065         extern  _ADCR0
                      00066         extern  _ADCR1
                      00067         extern  _ADRH
                      00068         extern  _ADRL
                      00069         extern  _OSCAL
                      00070 ;--------------------------------------------------------
                      00071 ; global declarations
                      00072 ;--------------------------------------------------------
                      00073         global  _main
                      00074         global  _c_a
                      00075 
                      00076         global STK06
                      00077         global STK05
                      00078         global STK04
                      00079         global STK03
                      00080         global STK02
                      00081         global STK01
                      00082         global STK00
                      00083 
                      00084 sharebank udata_ovr 0x0000
0000                  00085 STK06   res 1
0000                  00086 STK05   res 1
0001                  00087 STK04   res 1
0001                  00088 STK03   res 1
0002                  00089 STK02   res 1
0002                  00090 STK01   res 1
0003                  00091 STK00   res 1
                      00092 
                      00093 ;--------------------------------------------------------
                      00094 ; global definitions
                      00095 ;--------------------------------------------------------
                      00096 UD_type_double_0        udata
0000                  00097 _c_a    res     4
                      00098 
                      00099 ;--------------------------------------------------------
                      00100 ; absolute symbol definitions
                      00101 ;--------------------------------------------------------
                      00102 ;--------------------------------------------------------
                      00103 ; compiler-defined variables
                      00104 ;--------------------------------------------------------
                      00105 ;--------------------------------------------------------
                      00106 ; initialized data
                      00107 ;--------------------------------------------------------
                      00108 
                      00109 ;@Allocation info for local variables in function 'main'
                      00110 ;@main main                      Allocated to registers ;size:2
                      00111 ;@main STATUSbits                Allocated to registers ;size:1
                      00112 ;@main MCRbits                   Allocated to registers ;size:1
                      00113 ;@main INTEbits                  Allocated to registers ;size:1
                      00114 ;@main INTFbits                  Allocated to registers ;size:1
                      00115 ;@main IOP0bits                  Allocated to registers ;size:1
                      00116 ;@main OEP0bits                  Allocated to registers ;size:1
                      00117 ;@main PUP0bits                  Allocated to registers ;size:1
                      00118 ;@main ANSELbits                 Allocated to registers ;size:1
                      00119 ;@main IOP1bits                  Allocated to registers ;size:1
                      00120 ;@main OEP1bits                  Allocated to registers ;size:1
                      00121 ;@main PUP1bits                  Allocated to registers ;size:1
                      00122 ;@main KBIMbits                  Allocated to registers ;size:1
                      00123 ;@main T0CRbits                  Allocated to registers ;size:1
                      00124 ;@main T1CRbits                  Allocated to registers ;size:1
                      00125 ;@main LVDCRbits                 Allocated to registers ;size:1
                      00126 ;@main OSCMbits                  Allocated to registers ;size:1
                      00127 ;@main ADCR0bits                 Allocated to registers ;size:1
                      00128 ;@main ADCR1bits                 Allocated to registers ;size:1
                      00129 ;@main c_a                       Allocated to registers ;size:4
                      00130 ;@main INDF                      Allocated to registers ;size:1
                      00131 ;@main INDF0                     Allocated to registers ;size:1
                      00132 ;@main INDF1                     Allocated to registers ;size:1
                      00133 ;@main INDF2                     Allocated to registers ;size:1
                      00134 ;@main HIBYTE                    Allocated to registers ;size:1
                      00135 ;@main FSR                       Allocated to registers ;size:1
                      00136 ;@main FSR0                      Allocated to registers ;size:1
                      00137 ;@main FSR1                      Allocated to registers ;size:1
                      00138 ;@main PCL                       Allocated to registers ;size:1
                      00139 ;@main STATUS                    Allocated to registers ;size:1
                      00140 ;@main MCR                       Allocated to registers ;size:1
                      00141 ;@main INDF3                     Allocated to registers ;size:1
                      00142 ;@main INTE                      Allocated to registers ;size:1
                      00143 ;@main INTF                      Allocated to registers ;size:1
                      00144 ;@main IOP0                      Allocated to registers ;size:1
                      00145 ;@main OEP0                      Allocated to registers ;size:1
                      00146 ;@main PUP0                      Allocated to registers ;size:1
                      00147 ;@main ANSEL                     Allocated to registers ;size:1
                      00148 ;@main IOP1                      Allocated to registers ;size:1
                      00149 ;@main OEP1                      Allocated to registers ;size:1
                      00150 ;@main PUP1                      Allocated to registers ;size:1
                      00151 ;@main KBIM                      Allocated to registers ;size:1
                      00152 ;@main T0CR                      Allocated to registers ;size:1
                      00153 ;@main T0CNT                     Allocated to registers ;size:1
                      00154 ;@main T0LOAD                    Allocated to registers ;size:1
                      00155 ;@main T0DATA                    Allocated to registers ;size:1
                      00156 ;@main T1CR                      Allocated to registers ;size:1
                      00157 ;@main T1CNT                     Allocated to registers ;size:1
                      00158 ;@main T1LOAD                    Allocated to registers ;size:1
                      00159 ;@main T1DATA                    Allocated to registers ;size:1
                      00160 ;@main LVDCR                     Allocated to registers ;size:1
                      00161 ;@main OSCM                      Allocated to registers ;size:1
                      00162 ;@main ADCR0                     Allocated to registers ;size:1
                      00163 ;@main ADCR1                     Allocated to registers ;size:1
                      00164 ;@main ADRH                      Allocated to registers ;size:1
                      00165 ;@main ADRL                      Allocated to registers ;size:1
                      00166 ;@main OSCAL                     Allocated to registers ;size:1
                      00167 ;@end Allocation info for local variables in function 'main';
                      00168 
                      00169 ;--------------------------------------------------------
                      00170 ; overlayable items in internal ram 
                      00171 ;--------------------------------------------------------
                      00172 ;       udata_ovr
                      00173 ;--------------------------------------------------------
                      00174 ; reset vector 
                      00175 ;--------------------------------------------------------
                      00176 STARTUP code 0x0000
0000   A000           00177         goto    _main
                      00178 ;--------------------------------------------------------
                      00179 ; code
                      00180 ;--------------------------------------------------------
                      00181 code_type_double        code
                      00182 ;***
                      00183 ;  pBlock Stats: dbName = M
                      00184 ;***
                      00185 ;entry:  _main  ;Function start
                      00186 ; 2 exit points
                      00187 ;has an exit
                      00188 ;; Starting pCode block
0000                  00189 _main   ;Function start
                      00190 ; 2 exit points
                      00191 ;       .line   7; "type_double.c"      c_a = 1.13;
0000   3CD7           00192         MOVAI   0xd7
0001   5600           00193         MOVRA   _c_a
0002   3CA3           00194         MOVAI   0xa3
0003   5600           00195         MOVRA   (_c_a + 1)
0004   3C90           00196         MOVAI   0x90
0005   5600           00197         MOVRA   (_c_a + 2)
0006   3C3F           00198         MOVAI   0x3f
0007   5600           00199         MOVRA   (_c_a + 3)
                      00200 ;       .line   9; "type_double.c"      IOP0 = c_a;
0008   3C01           00201         MOVAI   0x01
0009   5600           00202         MOVRA   _IOP0
000A                  00203 _00106_DS_
                      00204 ;       .line   11; "type_double.c"     while(1);
000A   A000           00205         GOTO    _00106_DS_
000B   000C           00206         RETURN  
                      00207 ; exit point of _main
                      00208 
                      00209 
                      00210 ;       code size estimation:
                      00211 ;          12+    0 =    12 instructions (   24 byte)
                      00212 
                      00213         end
gpasm-2.0.0_beta2 (Aug 27 2017)type_double.asm    2017-9-27  18:18:59          PAGE  2


SYMBOL TABLE
  LABEL                             VALUE

ADCR0                             000001B0
ADCR1                             000001B1
ADRH                              000001B4
ADRL                              000001B5
ANSEL                             00000193
FSR0                              00000184
FSR1                              00000185
HIBYTE                            00000183
INDF0                             00000180
INDF1                             00000181
INDF2                             00000182
INDF3                             00000189
INTE                              0000018A
INTF                              0000018B
IOP0                              00000190
IOP1                              00000194
KBCR                              00000197
LVDCR                             000001AF
MCR                               00000188
OEP0                              00000191
OEP1                              00000195
OSCCAL                            000001FB
OSCM                              000001AE
PCL                               00000186
PFLAG                             00000187
PUP0                              00000192
PUP1                              00000196
STK00                             00000006
STK01                             00000005
STK02                             00000004
STK03                             00000003
STK04                             00000002
STK05                             00000001
STK06                             00000000
T0CNT                             000001A1
T0CR                              000001A0
T0DATA                            000001A3
T0LOAD                            000001A2
T1CNT                             000001A5
T1CR                              000001A4
T1DATA                            000001A7
T1LOAD                            000001A6
_00106_DS_                        0000000A
_ADCR0                            00000000
_ADCR0bits                        00000000
_ADCR1                            00000000
_ADCR1bits                        00000000
_ADRH                             00000000
_ADRL                             00000000
_ANSEL                            00000000
_ANSELbits                        00000000
_FSR                              00000000
_FSR0                             00000000
_FSR1                             00000000
_HIBYTE                           00000000
_INDF                             00000000
_INDF0                            00000000
_INDF1                            00000000
_INDF2                            00000000
_INDF3                            00000000
_INTE                             00000000
_INTEbits                         00000000
_INTF                             00000000
_INTFbits                         00000000
_IOP0                             00000000
_IOP0bits                         00000000
_IOP1                             00000000
_IOP1bits                         00000000
_KBIM                             00000000
_KBIMbits                         00000000
_LVDCR                            00000000
_LVDCRbits                        00000000
_MCR                              00000000
_MCRbits                          00000000
_OEP0                             00000000
_OEP0bits                         00000000
_OEP1                             00000000
_OEP1bits                         00000000
_OSCAL                            00000000
_OSCM                             00000000
_OSCMbits                         00000000
_PCL                              00000000
_PUP0                             00000000
_PUP0bits                         00000000
_PUP1                             00000000
_PUP1bits                         00000000
_STATUS                           00000000
_STATUSbits                       00000000
_T0CNT                            00000000
_T0CR                             00000000
_T0CRbits                         00000000
_T0DATA                           00000000
_T0LOAD                           00000000
_T1CNT                            00000000
_T1CR                             00000000
_T1CRbits                         00000000
_T1DATA                           00000000
_T1LOAD                           00000000
__32P21                           00000001
_c_a                              00000000
_main                             00000000
ADCHS0                            ADCR0,4
ADCHS1                            ADCR0,5
ADCHS2                            ADCR0,6
ADCHS3                            ADCR0,7
ADCKS0                            ADCR0,2
ADCKS1                            ADCR0,3
ADEOC                             ADCR0,1
ADIE                              INTE,6
ADIF                              INTF,6
ADON                              ADCR0,0
ADR0                              ADRL,0
ADR1                              ADRL,1
ADR10                             ADRH,6
ADR11                             ADRH,7
ADR2                              ADRL,2
ADR3                              ADRL,3
ADR4                              ADRH,0
ADR5                              ADRH,1
ADR6                              ADRH,2
ADR7                              ADRH,3
ADR8                              ADRH,4
ADR9                              ADRH,5
BUZ0OE                            T0CR,5
BUZ1OE                            T1CR,5
C                                 STATUS,0
CLKS                              OSCM,2
DC                                STATUS,1
FSR                               FSR0
FSR00                             FSR0,0
FSR01                             FSR0,1
FSR02                             FSR0,2
FSR03                             FSR0,3
FSR04                             FSR0,4
FSR05                             FSR0,5
FSR06                             FSR0,6
FSR07                             FSR0,7
FSR10                             FSR1,0
FSR11                             FSR1,1
FSR12                             FSR1,2
FSR13                             FSR1,3
FSR14                             FSR1,4
FSR15                             FSR1,5
FSR16                             FSR1,6
FSR17                             FSR1,7
GIE                               MCR,7
HFEN                              OSCM,0
HIBYTE0                           HIBYTE,0
HIBYTE1                           HIBYTE,1
HIBYTE2                           HIBYTE,2
HIBYTE3                           HIBYTE,3
HIBYTE4                           HIBYTE,4
HIBYTE5                           HIBYTE,5
HIBYTE6                           HIBYTE,6
HIBYTE7                           HIBYTE,7
INDF                              INDF0
INDF00                            INDF0,0
INDF01                            INDF0,1
INDF02                            INDF0,2
INDF03                            INDF0,3
INDF04                            INDF0,4
INDF05                            INDF0,5
INDF06                            INDF0,6
INDF07                            INDF0,7
INDF10                            INDF1,0
INDF11                            INDF1,1
INDF12                            INDF1,2
INDF13                            INDF1,3
INDF14                            INDF1,4
INDF15                            INDF1,5
INDF16                            INDF1,6
INDF17                            INDF1,7
INDF20                            INDF2,0
INDF21                            INDF2,1
INDF22                            INDF2,2
INDF23                            INDF2,3
INDF24                            INDF2,4
INDF25                            INDF2,5
INDF26                            INDF2,6
INDF27                            INDF2,7
INDF30                            INDF3,0
INDF31                            INDF3,1
INDF32                            INDF3,2
INDF33                            INDF3,3
INDF34                            INDF3,4
INDF35                            INDF3,5
INDF36                            INDF3,6
INDF37                            INDF3,7
INT0IE                            INTE,2
INT0IF                            INTF,2
INT1IE                            INTE,3
INT1IF                            INTF,3
INTECON                           INTE
INTFLAG                           INTF
KBCR0                             KBCR,0
KBCR1                             KBCR,1
KBCR2                             KBCR,2
KBCR3                             KBCR,3
KBCR4                             KBCR,4
KBCR5                             KBCR,5
KBCR6                             KBCR,6
KBIE                              INTE,4
KBIF                              INTF,4
LFEN                              OSCM,1
LVDEN                             PLVDCR,7
LVDF                              PLVDCR,0
LVDS0                             PLVDCR,4
LVDS1                             PLVDCR,5
LVDS2                             PLVDCR,6
MINT00                            MCR,0
MINT01                            MCR,1
MINT10                            MCR,2
MINT11                            MCR,3
OSCCAL0                           OSCCAL,0
OSCCAL1                           OSCCAL,1
OSCCAL2                           OSCCAL,2
OSCCAL3                           OSCCAL,3
OSCCAL4                           OSCCAL,4
OSCCAL5                           OSCCAL,5
OSCCAL6                           OSCCAL,6
OSCCAL7                           OSCCAL,7
P00ANS                            ANSEL,0
P00D                              IOP0,0
P00OE                             OEP0,0
P00PU                             PUP0,0
P01ANS                            ANSEL,1
P01D                              IOP0,1
P01OE                             OEP0,1
P01PU                             PUP0,1
P02ANS                            ANSEL,2
P02D                              IOP0,2
P02OE                             OEP0,2
P02PU                             PUP0,2
P03ANS                            ANSEL,3
P03D                              IOP0,3
P03OE                             OEP0,3
P03PU                             PUP0,3
P04ANS                            ANSEL,4
P04D                              IOP0,4
P04OE                             OEP0,4
P04PU                             PUP0,4
P0HCON                            PUP0
P10D                              IOP1,0
P10OE                             OEP1,0
P10PU                             PUP1,0
P11D                              IOP1,1
P11OE                             OEP1,1
P11PU                             PUP1,1
P12ANS                            ANSEL,5
P12D                              IOP1,2
P12OE                             OEP1,2
P12PU                             PUP1,2
P13ANS                            ANSEL,6
P13D                              IOP1,3
P13OE                             OEP1,3
P13PU                             PUP1,3
P14D                              IOP1,4
P14OE                             OEP1,4
P14PU                             PUP1,4
P15D                              IOP1,5
P15OE                             OEP1,5
P15PU                             PUP1,5
P16D                              IOP1,6
P16OE                             OEP1,6
P16PU                             PUP1,6
P1HCON                            PUP1
PC0                               PCL,0
PC1                               PCL,1
PC2                               PCL,2
PC3                               PCL,3
PC4                               PCL,4
PC5                               PCL,5
PC6                               PCL,6
PC7                               PCL,7
PD                                MCR,4
PWM0OE                            T0CR,6
PWM1OE                            T1CR,6
STATUS                            PFLAG
STBH                              OSCM,4
STBL                              OSCM,5
T0C0                              T0CNT,0
T0C1                              T0CNT,1
T0C2                              T0CNT,2
T0C3                              T0CNT,3
T0C4                              T0CNT,4
T0C5                              T0CNT,5
T0C6                              T0CNT,6
T0C7                              T0CNT,7
T0DATA0                           T0DATA,0
T0DATA1                           T0DATA,1
T0DATA2                           T0DATA,2
T0DATA3                           T0DATA,3
T0DATA4                           T0DATA,4
T0DATA5                           T0DATA,5
T0DATA6                           T0DATA,6
T0DATA7                           T0DATA,7
T0IE                              INTE,0
T0IF                              INTF,0
T0LOAD0                           T0LOAD,0
T0LOAD1                           T0LOAD,1
T0LOAD2                           T0LOAD,2
T0LOAD3                           T0LOAD,3
T0LOAD4                           T0LOAD,4
T0LOAD5                           T0LOAD,5
T0LOAD6                           T0LOAD,6
T0LOAD7                           T0LOAD,7
T0PR0                             T0CR,0
T0PR1                             T0CR,1
T0PR2                             T0CR,2
T0PTS0                            T0CR,3
T0PTS1                            T0CR,4
T1C0                              T1CNT,0
T1C1                              T1CNT,1
T1C2                              T1CNT,2
T1C3                              T1CNT,3
T1C4                              T1CNT,4
T1C5                              T1CNT,5
T1C6                              T1CNT,6
T1C7                              T1CNT,7
T1DATA0                           T1DATA,0
T1DATA1                           T1DATA,1
T1DATA2                           T1DATA,2
T1DATA3                           T1DATA,3
T1DATA4                           T1DATA,4
T1DATA5                           T1DATA,5
T1DATA6                           T1DATA,6
T1DATA7                           T1DATA,7
T1IE                              INTE,1
T1IF                              INTF,1
T1LOAD0                           T1LOAD,0
T1LOAD1                           T1LOAD,1
T1LOAD2                           T1LOAD,2
T1LOAD3                           T1LOAD,3
T1LOAD4                           T1LOAD,4
T1LOAD5                           T1LOAD,5
T1LOAD6                           T1LOAD,6
T1LOAD7                           T1LOAD,7
T1PR0                             T1CR,0
T1PR1                             T1CR,1
T1PR2                             T1CR,2
T1PTS0                            T1CR,3
T1PTS1                            T1CR,4
TC0EN                             T0CR,7
TC1EN                             T1CR,7
TO                                MCR,5
VRS0                              ADCR1,0
VRS1                              ADCR1,1
VRS2                              ADCR1,2
Z                                 STATUS,2

Errors   :     0
Warnings :     0 reported,     0 suppressed
Messages :     0 reported,     0 suppressed

