gplink-2.0.0_beta2 (Nov  6 2017)
Listing File Generated: 2017-11-19  12:00:35
 
 
Address  Value    Disassembly              Source
-------  -----    -----------              ------
                                           ;--------------------------------------------------------
                                           ; File Created by SN-SDCC : SinoMCU ANSI-C Compiler
                                           ; Version 1.0.0 (Sep 28 2017) (MINGW32)
                                           ; This file was generated Sun Nov 19 12:00:35 2017
                                           ;--------------------------------------------------------
                                           ; MC30/MC32 port for the RISC core
                                           ;--------------------------------------------------------
                                           ;	.file	"static.c"
                                           	list	p=3221
                                           	radix dec
                                           	include "3221.inc"
                                           
                                           ;==========================================================================
                                           ;
                                           ;       Revision History
                                           ;
                                           ;==========================================================================
                                           
                                           ;Rev:   Date:    Reason:
                                           
                                           ;1.00   12/06/21 Initial Release
                                           
                                           ;==========================================================================
                                           ;
                                           ;       Register Definitions
                                           ;
                                           ;==========================================================================
                                           
                                           ;W                            EQU     H'0000'
                                           ;F                            EQU     H'0001'
                                           
                                           ;----- Register Files------------------------------------------------------
                                           INDF0		   EQU	   0x180
                                           INDF1			 EQU	   0x181
                                           INDF2			 EQU	   0x182
                                           HIBYTE		 EQU	   0x183	
                                           FSR0			 EQU	   0x184
                                           FSR1			 EQU	   0x185
                                           PCL			   EQU	   0x186
                                           PFLAG			 EQU	   0x187
                                           ;----0x188
                                           MCR			   EQU	   0x188
                                           INDF3			 EQU	   0x189
                                           INTE			 EQU	   0x18a
                                           INTF			 EQU	   0x18b		
                                           ;----0x190
                                           IOP0			 EQU     0x190
                                           OEP0       EQU     0x191
                                           PUP0       EQU     0x192    
                                           ANSEL      EQU     0x193
                                           IOP1       EQU     0x194               
                                           OEP1       EQU     0x195             
                                           PUP1       EQU     0x196
                                           KBCR       EQU     0x197              
                                           ;-----0x1a0
                                           T0CR			 EQU     0x1a0
                                           T0CNT      EQU     0x1a1             
                                           T0LOAD     EQU     0x1a2             
                                           T0DATA     EQU     0x1a3             
                                           T1CR       EQU     0x1a4             
                                           T1CNT      EQU     0x1a5             
                                           T1LOAD     EQU     0x1a6             
                                           T1DATA     EQU     0x1a7             
                                           ;-----0x1a8
                                           OSCM       EQU     0x1ae
                                           LVDCR      EQU     0x1af                           
                                           ;-----0x1b0
                                           ADCR0			 EQU     0x1b0
                                           ADCR1      EQU     0x1b1             
                                           ADRH       EQU     0x1b4                               
                                           ADRL       EQU     0x1b5          
                                           ;----0x1f8                 
                                           OSCCAL		 EQU	   0x1fb
                                           
                                           #define		STATUS		PFLAG
                                           #define		INDF		  INDF0
                                           #define		FSR		    FSR0
                                           #define		P0HCON		PUP0
                                           #define		P1HCON		PUP1
                                           #define		INTECON		INTE
                                           #define		INTFLAG	  INTF
                                           
                                           ;INDF0 
                                           #define         INDF07          INDF0,7
                                           #define         INDF06          INDF0,6
                                           #define         INDF05          INDF0,5
                                           #define         INDF04          INDF0,4
                                           #define         INDF03          INDF0,3
                                           #define         INDF02          INDF0,2
                                           #define         INDF01          INDF0,1
                                           #define         INDF00          INDF0,0 
                                           
                                           ;INDF1 
                                           #define         INDF17          INDF1,7
                                           #define         INDF16          INDF1,6
                                           #define         INDF15          INDF1,5
                                           #define         INDF14          INDF1,4
                                           #define         INDF13          INDF1,3
                                           #define         INDF12          INDF1,2
                                           #define         INDF11          INDF1,1
                                           #define         INDF10          INDF1,0
                                           
                                           ;INDF2 
                                           #define         INDF27          INDF2,7
                                           #define         INDF26          INDF2,6
                                           #define         INDF25          INDF2,5
                                           #define         INDF24          INDF2,4
                                           #define         INDF23          INDF2,3
                                           #define         INDF22          INDF2,2
                                           #define         INDF21          INDF2,1
                                           #define         INDF20          INDF2,0 
                                           
                                           ;HIBYTE
                                           #define         HIBYTE7         HIBYTE,7
                                           #define         HIBYTE6         HIBYTE,6
                                           #define         HIBYTE5         HIBYTE,5
                                           #define         HIBYTE4         HIBYTE,4
                                           #define         HIBYTE3         HIBYTE,3
                                           #define         HIBYTE2         HIBYTE,2
                                           #define         HIBYTE1         HIBYTE,1
                                           #define         HIBYTE0         HIBYTE,0
                                           
                                           ;FSR0 
                                           #define         FSR07           FSR0,7
                                           #define         FSR06           FSR0,6
                                           #define         FSR05           FSR0,5
                                           #define         FSR04           FSR0,4
                                           #define         FSR03           FSR0,3
                                           #define         FSR02           FSR0,2
                                           #define         FSR01           FSR0,1
                                           #define         FSR00           FSR0,0 
                                           
                                           ;FSR1
                                           #define         FSR17           FSR1,7
                                           #define         FSR16           FSR1,6
                                           #define         FSR15           FSR1,5
                                           #define         FSR14           FSR1,4
                                           #define         FSR13           FSR1,3
                                           #define         FSR12           FSR1,2
                                           #define         FSR11           FSR1,1
                                           #define         FSR10           FSR1,0
                                           
                                           ;PCL 
                                           #define         PC7             PCL,7
                                           #define         PC6             PCL,6
                                           #define         PC5             PCL,5
                                           #define         PC4             PCL,4
                                           #define         PC3             PCL,3
                                           #define         PC2             PCL,2
                                           #define         PC1             PCL,1
                                           #define         PC0             PCL,0	
                                           
                                           ;----- STATUS Bits --------------------------
                                           #define	Z	  STATUS,2
                                           #define	DC	STATUS,1
                                           #define	C	  STATUS,0
                                           
                                           ;----- MCR Bits --------------------------
                                           #define	GIE	    MCR,7
                                           #define	TO	    MCR,5
                                           #define	PD	    MCR,4
                                           #define	MINT11	MCR,3
                                           #define	MINT10	MCR,2
                                           #define	MINT01	MCR,1
                                           #define	MINT00	MCR,0
                                           
                                           ;INDF3 
                                           #define         INDF37          INDF3,7
                                           #define         INDF36          INDF3,6
                                           #define         INDF35          INDF3,5
                                           #define         INDF34          INDF3,4
                                           #define         INDF33          INDF3,3
                                           #define         INDF32          INDF3,2
                                           #define         INDF31          INDF3,1
                                           #define         INDF30          INDF3,0 
                                           
                                           ;----- INTE Bits --------------------------
                                           #define	ADIE	  INTE,6
                                           #define	KBIE	  INTE,4
                                           #define	INT1IE	INTE,3
                                           #define	INT0IE	INTE,2
                                           #define	T1IE	  INTE,1
                                           #define	T0IE	  INTE,0
                                           
                                           ;----- INTF Bits --------------------------
                                           #define	ADIF	  INTF,6
                                           #define	KBIF	  INTF,4
                                           #define	INT1IF	INTF,3
                                           #define	INT0IF	INTF,2
                                           #define	T1IF	  INTF,1
                                           #define	T0IF	  INTF,0
                                           
                                           ;IOP0
                                           #define         P04D  	        IOP0,4
                                           #define         P03D  	        IOP0,3
                                           #define         P02D  	        IOP0,2
                                           #define         P01D  	        IOP0,1
                                           #define         P00D	          IOP0,0
                                           
                                           ;OEP0
                                           #define         P04OE           OEP0,4
                                           #define         P03OE           OEP0,3
                                           #define         P02OE           OEP0,2
                                           #define         P01OE           OEP0,1
                                           #define         P00OE           OEP0,0
                                           
                                           ;PUP0
                                           #define         P04PU           PUP0,4
                                           #define         P03PU           PUP0,3
                                           #define         P02PU           PUP0,2
                                           #define         P01PU           PUP0,1
                                           #define         P00PU           PUP0,0
                                           
                                           ;ANSEL
                                           #define         P13ANS          ANSEL,6
                                           #define         P12ANS          ANSEL,5
                                           #define         P04ANS          ANSEL,4
                                           #define         P03ANS          ANSEL,3
                                           #define         P02ANS          ANSEL,2
                                           #define         P01ANS          ANSEL,1
                                           #define         P00ANS          ANSEL,0
                                           
                                           ;IOP1
                                           #define         P16D  	        IOP1,6
                                           #define         P15D  	        IOP1,5
                                           #define         P14D	          IOP1,4
                                           #define         P13D  	        IOP1,3
                                           #define         P12D  	        IOP1,2
                                           #define         P11D  	        IOP1,1
                                           #define         P10D	          IOP1,0
                                           
                                           ;OEP1
                                           #define         P16OE           OEP1,6
                                           #define         P15OE           OEP1,5
                                           #define         P14OE           OEP1,4
                                           #define         P13OE           OEP1,3
                                           #define         P12OE           OEP1,2
                                           #define         P11OE           OEP1,1
                                           #define         P10OE           OEP1,0
                                           
                                           ;PUP1
                                           #define         P16PU           PUP1,6
                                           #define         P15PU           PUP1,5
                                           #define         P14PU           PUP1,4
                                           #define         P13PU           PUP1,3
                                           #define         P12PU           PUP1,2
                                           #define         P11PU           PUP1,1
                                           #define         P10PU           PUP1,0
                                           
                                           ;KBCR
                                           #define         KBCR6           KBCR,6
                                           #define         KBCR5           KBCR,5
                                           #define         KBCR4           KBCR,4
                                           #define         KBCR3           KBCR,3
                                           #define         KBCR2           KBCR,2
                                           #define         KBCR1           KBCR,1
                                           #define         KBCR0           KBCR,0
                                           
                                           ;----- T0CR  Bits ----------------
                                           #define	TC0EN	  T0CR,7
                                           #define	PWM0OE	T0CR,6
                                           #define	BUZ0OE	T0CR,5
                                           #define	T0PTS1	T0CR,4
                                           #define	T0PTS0	T0CR,3
                                           #define	T0PR2	  T0CR,2
                                           #define	T0PR1	  T0CR,1
                                           #define	T0PR0	  T0CR,0
                                           
                                           ;T0CNT
                                           #define         T0C7            T0CNT,7
                                           #define         T0C6            T0CNT,6
                                           #define         T0C5            T0CNT,5
                                           #define         T0C4            T0CNT,4
                                           #define         T0C3            T0CNT,3
                                           #define         T0C2            T0CNT,2
                                           #define         T0C1            T0CNT,1
                                           #define         T0C0            T0CNT,0
                                           
                                           ;T0LOAD
                                           #define         T0LOAD7         T0LOAD,7
                                           #define         T0LOAD6         T0LOAD,6
                                           #define         T0LOAD5         T0LOAD,5
                                           #define         T0LOAD4         T0LOAD,4
                                           #define         T0LOAD3         T0LOAD,3
                                           #define         T0LOAD2         T0LOAD,2
                                           #define         T0LOAD1         T0LOAD,1
                                           #define         T0LOAD0         T0LOAD,0
                                           
                                           ;T0DATA
                                           #define         T0DATA7         T0DATA,7
                                           #define         T0DATA6         T0DATA,6
                                           #define         T0DATA5         T0DATA,5
                                           #define         T0DATA4         T0DATA,4
                                           #define         T0DATA3         T0DATA,3
                                           #define         T0DATA2         T0DATA,2
                                           #define         T0DATA1         T0DATA,1
                                           #define         T0DATA0         T0DATA,0
                                           
                                           ;----- T1CR  Bits ----------------
                                           #define	TC1EN	  T1CR,7
                                           #define	PWM1OE	T1CR,6
                                           #define	BUZ1OE	T1CR,5
                                           #define	T1PTS1  T1CR,4
                                           #define	T1PTS0	T1CR,3
                                           #define	T1PR2 	T1CR,2
                                           #define	T1PR1 	T1CR,1
                                           #define	T1PR0 	T1CR,0
                                           
                                           ;T1CNT
                                           #define         T1C7            T1CNT,7
                                           #define         T1C6            T1CNT,6
                                           #define         T1C5            T1CNT,5
                                           #define         T1C4            T1CNT,4
                                           #define         T1C3            T1CNT,3
                                           #define         T1C2            T1CNT,2
                                           #define         T1C1            T1CNT,1
                                           #define         T1C0            T1CNT,0
                                           
                                           ;T1LOAD
                                           #define         T1LOAD7         T1LOAD,7
                                           #define         T1LOAD6         T1LOAD,6
                                           #define         T1LOAD5         T1LOAD,5
                                           #define         T1LOAD4         T1LOAD,4
                                           #define         T1LOAD3         T1LOAD,3
                                           #define         T1LOAD2         T1LOAD,2
                                           #define         T1LOAD1         T1LOAD,1
                                           #define         T1LOAD0         T1LOAD,0
                                           
                                           ;T1DATA
                                           #define         T1DATA7         T1DATA,7
                                           #define         T1DATA6         T1DATA,6
                                           #define         T1DATA5         T1DATA,5
                                           #define         T1DATA4         T1DATA,4
                                           #define         T1DATA3         T1DATA,3
                                           #define         T1DATA2         T1DATA,2
                                           #define         T1DATA1         T1DATA,1
                                           #define         T1DATA0         T1DATA,0
                                           
                                           ;----- OSCM  Bits ----------------
                                           #define	STBL	OSCM,5
                                           #define	STBH	OSCM,4
                                           #define	CLKS	OSCM,2
                                           #define	LFEN	OSCM,1
                                           #define	HFEN	OSCM,0
                                           
                                           ;-----  LVDCR Bits -------
                                           #define LVDEN	PLVDCR,7
                                           #define	LVDS2	PLVDCR,6
                                           #define	LVDS1	PLVDCR,5
                                           #define	LVDS0	PLVDCR,4
                                           #define	LVDF	PLVDCR,0
                                           
                                           ;---- ADCR0 Bits -----------------
                                           #define ADCHS3	ADCR0,7
                                           #define	ADCHS2	ADCR0,6
                                           #define ADCHS1	ADCR0,5
                                           #define	ADCHS0	ADCR0,4
                                           #define ADCKS1	ADCR0,3
                                           #define	ADCKS0	ADCR0,2
                                           #define ADEOC	  ADCR0,1
                                           #define	ADON	  ADCR0,0
                                           
                                           ;---- ADCR1 Bits -----------------
                                           #define	VRS2    ADCR1,2
                                           #define VRS1	  ADCR1,1
                                           #define	VRS0	  ADCR1,0
                                           
                                           ;ADRH
                                           #define         ADR11           ADRH,7
                                           #define         ADR10           ADRH,6
                                           #define         ADR9            ADRH,5
                                           #define         ADR8            ADRH,4
                                           #define         ADR7            ADRH,3
                                           #define         ADR6            ADRH,2
                                           #define         ADR5            ADRH,1
                                           #define         ADR4            ADRH,0
                                           
                                           ;ADRL
                                           #define         ADR3            ADRL,3
                                           #define         ADR2            ADRL,2
                                           #define         ADR1            ADRL,1
                                           #define         ADR0            ADRL,0
                                           
                                           ;OSCCAL
                                           #define         OSCCAL7         OSCCAL,7
                                           #define         OSCCAL6         OSCCAL,6
                                           #define         OSCCAL5         OSCCAL,5
                                           #define         OSCCAL4         OSCCAL,4
                                           #define         OSCCAL3         OSCCAL,3
                                           #define         OSCCAL2         OSCCAL,2
                                           #define         OSCCAL1         OSCCAL,1
                                           #define         OSCCAL0         OSCCAL,0
                                           
                                           ;--------------------------------------------------------
                                           ; external declarations
                                           ;--------------------------------------------------------
                                           	extern	_STATUSbits
                                           	extern	_MCRbits
                                           	extern	_INTEbits
                                           	extern	_INTFbits
                                           	extern	_IOP0bits
                                           	extern	_OEP0bits
                                           	extern	_PUP0bits
                                           	extern	_ANSELbits
                                           	extern	_IOP1bits
                                           	extern	_OEP1bits
                                           	extern	_PUP1bits
                                           	extern	_KBIMbits
                                           	extern	_T0CRbits
                                           	extern	_T1CRbits
                                           	extern	_LVDCRbits
                                           	extern	_OSCMbits
                                           	extern	_ADCR0bits
                                           	extern	_ADCR1bits
                                           	extern	_INDF
                                           	extern	_INDF0
                                           	extern	_INDF1
                                           	extern	_INDF2
                                           	extern	_HIBYTE
                                           	extern	_FSR
                                           	extern	_FSR0
                                           	extern	_FSR1
                                           	extern	_PCL
                                           	extern	_STATUS
                                           	extern	_MCR
                                           	extern	_INDF3
                                           	extern	_INTE
                                           	extern	_INTF
                                           	extern	_IOP0
                                           	extern	_OEP0
                                           	extern	_PUP0
                                           	extern	_ANSEL
                                           	extern	_IOP1
                                           	extern	_OEP1
                                           	extern	_PUP1
                                           	extern	_KBIM
                                           	extern	_T0CR
                                           	extern	_T0CNT
                                           	extern	_T0LOAD
                                           	extern	_T0DATA
                                           	extern	_T1CR
                                           	extern	_T1CNT
                                           	extern	_T1LOAD
                                           	extern	_T1DATA
                                           	extern	_LVDCR
                                           	extern	_OSCM
                                           	extern	_ADCR0
                                           	extern	_ADCR1
                                           	extern	_ADRH
                                           	extern	_ADRL
                                           	extern	_OSCAL
                                           ;--------------------------------------------------------
                                           ; global declarations
                                           ;--------------------------------------------------------
                                           	global	_main
                                           	global	_ram1
                                           	global	_ram0
                                           
                                           	global STK06
                                           	global STK05
                                           	global STK04
                                           	global STK03
                                           	global STK02
                                           	global STK01
                                           	global STK00
                                           
                                           sharebank udata_ovr 0x0000
                                           STK06	res 1
                                           STK05	res 1
                                           STK04	res 1
                                           STK03	res 1
                                           STK02	res 1
                                           STK01	res 1
                                           STK00	res 1
                                           
                                           ;--------------------------------------------------------
                                           ; global definitions
                                           ;--------------------------------------------------------
                                           ;--------------------------------------------------------
                                           ; absolute symbol definitions
                                           ;--------------------------------------------------------
                                           UD_abs_static_20	udata_ovr	0x0020
                                           _ram0
                                           	res	1
                                           UD_abs_static_21	udata_ovr	0x0021
                                           _ram1
                                           	res	1
                                           ;--------------------------------------------------------
                                           ; compiler-defined variables
                                           ;--------------------------------------------------------
                                           UDL_static_0	udata
                                           r0x1001	res	1
                                           _main_c_a_1_2	res	1
                                           ;--------------------------------------------------------
                                           ; initialized data
                                           ;--------------------------------------------------------
                                           
                                           ;@Allocation info for local variables in function 'main'
                                           ;@main main                      Allocated to registers ;size:2
                                           ;@main STATUSbits                Allocated to registers ;size:1
                                           ;@main MCRbits                   Allocated to registers ;size:1
                                           ;@main INTEbits                  Allocated to registers ;size:1
                                           ;@main INTFbits                  Allocated to registers ;size:1
                                           ;@main IOP0bits                  Allocated to registers ;size:1
                                           ;@main OEP0bits                  Allocated to registers ;size:1
                                           ;@main PUP0bits                  Allocated to registers ;size:1
                                           ;@main ANSELbits                 Allocated to registers ;size:1
                                           ;@main IOP1bits                  Allocated to registers ;size:1
                                           ;@main OEP1bits                  Allocated to registers ;size:1
                                           ;@main PUP1bits                  Allocated to registers ;size:1
                                           ;@main KBIMbits                  Allocated to registers ;size:1
                                           ;@main T0CRbits                  Allocated to registers ;size:1
                                           ;@main T1CRbits                  Allocated to registers ;size:1
                                           ;@main LVDCRbits                 Allocated to registers ;size:1
                                           ;@main OSCMbits                  Allocated to registers ;size:1
                                           ;@main ADCR0bits                 Allocated to registers ;size:1
                                           ;@main ADCR1bits                 Allocated to registers ;size:1
                                           ;@main ram1                      Allocated to registers ;size:1
                                           ;@main ram0                      Allocated to registers ;size:1
                                           ;@main c_a                       Allocated to registers ;size:1
                                           ;@main c_b                       Allocated to registers r0x1001 ;size:1
                                           ;@main INDF                      Allocated to registers ;size:1
                                           ;@main INDF0                     Allocated to registers ;size:1
                                           ;@main INDF1                     Allocated to registers ;size:1
                                           ;@main INDF2                     Allocated to registers ;size:1
                                           ;@main HIBYTE                    Allocated to registers ;size:1
                                           ;@main FSR                       Allocated to registers ;size:1
                                           ;@main FSR0                      Allocated to registers ;size:1
                                           ;@main FSR1                      Allocated to registers ;size:1
                                           ;@main PCL                       Allocated to registers ;size:1
                                           ;@main STATUS                    Allocated to registers ;size:1
                                           ;@main MCR                       Allocated to registers ;size:1
                                           ;@main INDF3                     Allocated to registers ;size:1
                                           ;@main INTE                      Allocated to registers ;size:1
                                           ;@main INTF                      Allocated to registers ;size:1
                                           ;@main IOP0                      Allocated to registers ;size:1
                                           ;@main OEP0                      Allocated to registers ;size:1
                                           ;@main PUP0                      Allocated to registers ;size:1
                                           ;@main ANSEL                     Allocated to registers ;size:1
                                           ;@main IOP1                      Allocated to registers ;size:1
                                           ;@main OEP1                      Allocated to registers ;size:1
                                           ;@main PUP1                      Allocated to registers ;size:1
                                           ;@main KBIM                      Allocated to registers ;size:1
                                           ;@main T0CR                      Allocated to registers ;size:1
                                           ;@main T0CNT                     Allocated to registers ;size:1
                                           ;@main T0LOAD                    Allocated to registers ;size:1
                                           ;@main T0DATA                    Allocated to registers ;size:1
                                           ;@main T1CR                      Allocated to registers ;size:1
                                           ;@main T1CNT                     Allocated to registers ;size:1
                                           ;@main T1LOAD                    Allocated to registers ;size:1
                                           ;@main T1DATA                    Allocated to registers ;size:1
                                           ;@main LVDCR                     Allocated to registers ;size:1
                                           ;@main OSCM                      Allocated to registers ;size:1
                                           ;@main ADCR0                     Allocated to registers ;size:1
                                           ;@main ADCR1                     Allocated to registers ;size:1
                                           ;@main ADRH                      Allocated to registers ;size:1
                                           ;@main ADRL                      Allocated to registers ;size:1
                                           ;@main OSCAL                     Allocated to registers ;size:1
                                           ;@end Allocation info for local variables in function 'main';
                                           
                                           ;--------------------------------------------------------
                                           ; overlayable items in internal ram 
                                           ;--------------------------------------------------------
                                           ;	udata_ovr
                                           ;--------------------------------------------------------
                                           ; reset vector 
                                           ;--------------------------------------------------------
                                           STARTUP	code 0x0000
000000   a001     goto    0x1              	goto	_main
                                           ;--------------------------------------------------------
                                           ; code
                                           ;--------------------------------------------------------
                                           code_static	code
                                           ;***
                                           ;  pBlock Stats: dbName = M
                                           ;***
                                           ;entry:  _main	;Function start
                                           ; 2 exit points
                                           ;has an exit
                                           ;1 compiler assigned register :
                                           ;   r0x1001
                                           ;; Starting pCode block
                                           _main	;Function start
                                           ; 2 exit points
                                           ;	.line	11; "static.c"	ram0 = 0x53;
000001   3c53     movai   0x53             	MOVAI	0x53
000002   5620     movra   0x20             	MOVRA	_ram0
                                           ;	.line	12; "static.c"	ram1 = 0x78;
000003   3c78     movai   0x78             	MOVAI	0x78
000004   5621     movra   0x21             	MOVRA	_ram1
                                           ;	.line	14; "static.c"	c_a = ram0;
000005   5820     movar   0x20             	MOVAR	_ram0
000006   5608     movra   0x8              	MOVRA	_main_c_a_1_2
                                           ;	.line	15; "static.c"	c_b = ram1;
000007   5821     movar   0x21             	MOVAR	_ram1
000008   5607     movra   0x7              	MOVRA	r0x1001
                                           ;	.line	17; "static.c"	ram0 = c_a + c_b;  	// 0xcb
000009   5807     movar   0x7              	MOVAR	r0x1001
00000a   7c08     addar   0x8              	ADDAR	_main_c_a_1_2
00000b   5620     movra   0x20             	MOVRA	_ram0
                                           ;	.line	18; "static.c"	ram1 = c_a - c_b;  	// 0xdb
00000c   5807     movar   0x7              	MOVAR	r0x1001
00000d   4808     rsubar  0x8              	RSUBAR	_main_c_a_1_2
00000e   5621     movra   0x21             	MOVRA	_ram1
                                           ;;swapping arguments (AOP_TYPEs 1/3)
                                           ;;signed compare: left >= lit(0x1=1), size=1, mask=ff
                                           ;	.line	20; "static.c"	if (c_a > 0) ram0 = c_b;   	// true
00000f   5808     movar   0x8              	MOVAR	_main_c_a_1_2
000010   3f80     addai   0x80             	ADDAI	0x80
000011   3f7f     addai   0x7f             	ADDAI	0x7f
000012   e187     jbset   0x187, 0         	JBSET	STATUS,0
000013   a016     goto    0x16             	GOTO	_00106_DS_
                                           ;;genSkipc:3194: created from rifx:00D5608C
000014   5807     movar   0x7              	MOVAR	r0x1001
000015   5620     movra   0x20             	MOVRA	_ram0
                                           ;;swapping arguments (AOP_TYPEs 1/3)
                                           ;;signed compare: left >= lit(0xFFFFFFFE=-2), size=1, mask=ff
                                           _00106_DS_
                                           ;	.line	22; "static.c"	if (c_a > -3) ram0 = c_b+1;	// true
000016   5808     movar   0x8              	MOVAR	_main_c_a_1_2
000017   3f80     addai   0x80             	ADDAI	0x80
000018   3f82     addai   0x82             	ADDAI	0x82
000019   e187     jbset   0x187, 0         	JBSET	STATUS,0
00001a   a01d     goto    0x1d             	GOTO	_00110_DS_
                                           ;;genSkipc:3194: created from rifx:00D5608C
00001b   6407     incar   0x7              	INCAR	r0x1001
00001c   5620     movra   0x20             	MOVRA	_ram0
                                           _00110_DS_
                                           ;	.line	24; "static.c"	while(1);
00001d   a01d     goto    0x1d             	GOTO	_00110_DS_
00001e   000c     return                   	RETURN	
                                           ; exit point of _main
                                           
                                           
                                           ;	code size estimation:
                                           ;	   30+    0 =    30 instructions (   60 byte)
                                           
                                           	end


MEMORY USAGE MAP ('X' = Used,  '-' = Unused)

0000 : XXXXXXXXXXXXXXXX XXXXXXXXXXXXXXXX XXXXXXXXXXXXXXXX XXXXXXXXXXXXXX--

All other memory blocks unused.

Program Memory Words Used:    31

