gpasm-1.4.1_beta1 (Oct 15 2013)dischgsbr.asm      2013-12-13  13:42:42         PAGE  1


LOC  OBJECT CODE     LINE SOURCE TEXT
  VALUE

                      00001 ;--------------------------------------------------------
                      00002 ; File Created by SN-SDCC : ANSI-C Compiler
                      00003 ; Version 0.0.4 (Nov 20 2013) (MINGW32)
                      00004 ; This file was generated Fri Dec 13 13:42:42 2013
                      00005 ;--------------------------------------------------------
                      00006 ; MC3X port for the RISC core
                      00007 ;--------------------------------------------------------
                      00008 ;       .file   "dischgsbr.c"
                      00009         list    p=32p21
                      00010         radix dec
                      00011         include "mc32p21.inc"
                      00001                 LIST
                      00002 ;mc32p21.inc    Standard Header File, Version 1.00 by Sinomcu
                      00261                 LIST
                      00012 ;--------------------------------------------------------
                      00013 ; external declarations
                      00014 ;--------------------------------------------------------
                      00015         extern  _STATUSbits
                      00016         extern  _MCRbits
                      00017         extern  _INTEbits
                      00018         extern  _INTFbits
                      00019         extern  _IOP0bits
                      00020         extern  _OEP0bits
                      00021         extern  _PUP0bits
                      00022         extern  _ANSELbits
                      00023         extern  _IOP1bits
                      00024         extern  _OEP1bits
                      00025         extern  _PUP1bits
                      00026         extern  _KBIMbits
                      00027         extern  _T0CRbits
                      00028         extern  _T1CRbits
                      00029         extern  _LVDCRbits
                      00030         extern  _OSCMbits
                      00031         extern  _ADCR0bits
                      00032         extern  _ADCR1bits
                      00033         extern  _Flag1
                      00034         extern  _Flag2
                      00035         extern  _Flag3
                      00036         extern  _Buf0
                      00037         extern  _Buf1
                      00038         extern  _Buf2
                      00039         extern  _ADCnt
                      00040         extern  _ADVBatBuf
                      00041         extern  _ADVOutBuf
                      00042         extern  _ADIOutBuf
                      00043         extern  _ADVBatMin
                      00044         extern  _ADVBatMax
                      00045         extern  _ADVOut
                      00046         extern  _ADVBat
                      00047         extern  _ADIOut
                      00048         extern  _ADVOutMin
                      00049         extern  _ADVOutMax
                      00050         extern  _ADIMin
                      00051         extern  _ADIMax
                      00052         extern  _T500ms
                      00053         extern  _KeyCnt
                      00054         extern  _KeyLongth
                      00055         extern  _BatStatus
                      00056         extern  _DispCnt
                      00057         extern  _DisPWM
                      00058         extern  _CHGPWM
                      00059         extern  _VinLowCnt
                      00060         extern  _VinHiCnt
                      00061         extern  _ILow0A1Dly10s
                      00062         extern  _TStop5s
                      00063         extern  _PwrON5s
                      00064         extern  _CHGV4d2T1min
                      00065         extern  _CHGI100ms1min
                      00066         extern  _BatLowCnt
                      00067         extern  _LoadCnt
                      00068         extern  _TSec
                      00069         extern  _TMin
                      00070         extern  _INDF
                      00071         extern  _INDF0
                      00072         extern  _INDF1
                      00073         extern  _INDF2
                      00074         extern  _HIBYTE
                      00075         extern  _FSR
                      00076         extern  _FSR0
                      00077         extern  _FSR1
                      00078         extern  _PCL
                      00079         extern  _STATUS
                      00080         extern  _MCR
                      00081         extern  _INDF3
                      00082         extern  _INTE
                      00083         extern  _INTF
                      00084         extern  _IOP0
                      00085         extern  _OEP0
                      00086         extern  _PUP0
                      00087         extern  _ANSEL
                      00088         extern  _IOP1
                      00089         extern  _OEP1
                      00090         extern  _PUP1
                      00091         extern  _KBIM
                      00092         extern  _T0CR
                      00093         extern  _T0CNT
                      00094         extern  _T0LOAD
                      00095         extern  _T0DATA
                      00096         extern  _T1CR
                      00097         extern  _T1CNT
                      00098         extern  _T1LOAD
                      00099         extern  _T1DATA
                      00100         extern  _LVDCR
                      00101         extern  _OSCM
                      00102         extern  _ADCR0
                      00103         extern  _ADCR1
                      00104         extern  _ADRH
                      00105         extern  _ADRL
                      00106         extern  _OSCAL
                      00107 
                      00108         extern STK06
                      00109         extern STK05
                      00110         extern STK04
                      00111         extern STK03
                      00112         extern STK02
                      00113         extern STK01
                      00114         extern STK00
                      00115 ;--------------------------------------------------------
                      00116 ; global declarations
                      00117 ;--------------------------------------------------------
                      00118         global  _AdjVoutSbr
                      00119         global  _DisCHGSbr
                      00120         global  _InitPWMSbr
                      00121 
                      00122 ;--------------------------------------------------------
                      00123 ; global definitions
                      00124 ;--------------------------------------------------------
                      00125 ;--------------------------------------------------------
                      00126 ; absolute symbol definitions
                      00127 ;--------------------------------------------------------
                      00128 ;--------------------------------------------------------
                      00129 ; compiler-defined variables
                      00130 ;--------------------------------------------------------
                      00131 ;--------------------------------------------------------
                      00132 ; initialized data
                      00133 ;--------------------------------------------------------
                      00134 ;--------------------------------------------------------
                      00135 ; overlayable items in internal ram 
                      00136 ;--------------------------------------------------------
                      00137 ;       udata_ovr
                      00138 ;--------------------------------------------------------
                      00139 ; code
                      00140 ;--------------------------------------------------------
                      00141 code_dischgsbr  code
                      00142 ;***
                      00143 ;  pBlock Stats: dbName = C
                      00144 ;***
                      00145 ;entry:  _InitPWMSbr    ;Function start
                      00146 ; 2 exit points
                      00147 ;has an exit
                      00148 ;; Starting pCode block
0000                  00149 _InitPWMSbr     ;Function start
                      00150 ; 2 exit points
                      00151 ;       .line   38; "dischgsbr.c"       DisPWM = CNPWM0DATA;
0000   3C05           00152         MOVAI   0x05
0001   5600           00153         MOVRA   _DisPWM
                      00154 ;       .line   39; "dischgsbr.c"       T0DATA = DisPWM;
0002   3C05           00155         MOVAI   0x05
0003   5600           00156         MOVRA   _T0DATA
0004   000C           00157         RETURN  
                      00158 ; exit point of _InitPWMSbr
                      00159 
                      00160 ;***
                      00161 ;  pBlock Stats: dbName = C
                      00162 ;***
                      00163 ;entry:  _AdjVoutSbr    ;Function start
                      00164 ; 2 exit points
                      00165 ;has an exit
                      00166 ;; Starting pCode block
0005                  00167 _AdjVoutSbr     ;Function start
                      00168 ; 2 exit points
                      00169 ;;swapping arguments (AOP_TYPEs 1/3)
                      00170 ;;unsigned compare: left >= lit(0x92=146), size=1
                      00171 ;       .line   20; "dischgsbr.c"       if (ADVOut > COUTU5V+2)
0005   3C92           00172         MOVAI   0x92
0006   4800           00173         RSUBAR  _ADVOut
0007   E187           00174         JBSET   STATUS,0
0008   A000           00175         GOTO    _00116_DS_
                      00176 ;;genSkipc:3246: created from rifx:0022608C
                      00177 ;       .line   22; "dischgsbr.c"       if (--DisPWM == 0) ++DisPWM;
0009   6E00           00178         DECR    _DisPWM
000A   3C00           00179         MOVAI   0x00
000B   5C00           00180         ORAR    _DisPWM
000C   E587           00181         JBSET   STATUS,2
000D   A000           00182         GOTO    _00114_DS_
000E   6600           00183         INCR    _DisPWM
000F                  00184 _00114_DS_
                      00185 ;       .line   23; "dischgsbr.c"       T0DATA = DisPWM;
000F   5800           00186         MOVAR   _DisPWM
0010   5600           00187         MOVRA   _T0DATA
                      00188 ;       .line   24; "dischgsbr.c"       return;
0011   A000           00189         GOTO    _00123_DS_
                      00190 ;;unsigned compare: left < lit(0x8D=141), size=1
0012                  00191 _00116_DS_
                      00192 ;       .line   26; "dischgsbr.c"       if (ADVOut < COUTU5V-2)
0012   3C8D           00193         MOVAI   0x8d
0013   4800           00194         RSUBAR  _ADVOut
0014   F187           00195         JBCLR   STATUS,0
0015   A000           00196         GOTO    _00122_DS_
                      00197 ;;genSkipc:3246: created from rifx:0022608C
                      00198 ;;unsigned compare: left < lit(0x81=129), size=1
                      00199 ;       .line   28; "dischgsbr.c"       if (ADVOut < COUTU4d5V) DisPWM += 5;
0016   3C81           00200         MOVAI   0x81
0017   4800           00201         RSUBAR  _ADVOut
0018   F187           00202         JBCLR   STATUS,0
0019   A000           00203         GOTO    _00118_DS_
                      00204 ;;genSkipc:3246: created from rifx:0022608C
001A   3C05           00205         MOVAI   0x05
001B   7E00           00206         ADDRA   _DisPWM
001C                  00207 _00118_DS_
                      00208 ;       .line   29; "dischgsbr.c"       if (++DisPWM >= CT0-5) DisPWM = CT0-5;
001C   6600           00209         INCR    _DisPWM
                      00210 ;;unsigned compare: left < lit(0x7B=123), size=1
001D   3C7B           00211         MOVAI   0x7b
001E   4800           00212         RSUBAR  _DisPWM
001F   E187           00213         JBSET   STATUS,0
0020   A000           00214         GOTO    _00120_DS_
                      00215 ;;genSkipc:3246: created from rifx:0022608C
0021   3C7B           00216         MOVAI   0x7b
0022   5600           00217         MOVRA   _DisPWM
0023                  00218 _00120_DS_
                      00219 ;       .line   30; "dischgsbr.c"       T0DATA = DisPWM;
0023   5800           00220         MOVAR   _DisPWM
0024   5600           00221         MOVRA   _T0DATA
0025                  00222 _00122_DS_
                      00223 ;       .line   32; "dischgsbr.c"       pPwr = 1;
0025   C000           00224         BSET    _IOP1bits,0
                      00225 ;       .line   33; "dischgsbr.c"       FPwr1st = 1;
0026   CC00           00226         BSET    _Flag3,6
0027                  00227 _00123_DS_
0027   000C           00228         RETURN  
                      00229 ; exit point of _AdjVoutSbr
                      00230 
                      00231 ;***
                      00232 ;  pBlock Stats: dbName = C
                      00233 ;***
                      00234 ;entry:  _DisCHGSbr     ;Function start
                      00235 ; 2 exit points
                      00236 ;has an exit
                      00237 ;functions called:
                      00238 ;   _AdjVoutSbr
                      00239 ;   _AdjVoutSbr
                      00240 ;; Starting pCode block
0028                  00241 _DisCHGSbr      ;Function start
                      00242 ; 2 exit points
                      00243 ;       .line   13; "dischgsbr.c"       AdjVoutSbr();
0028   8000           00244         CALL    _AdjVoutSbr
                      00245 ;;unsigned compare: left < lit(0x3=3), size=1
                      00246 ;       .line   14; "dischgsbr.c"       if (ADIOut < COUTI_90mA) FILow = 1;
0029   3C03           00247         MOVAI   0x03
002A   4800           00248         RSUBAR  _ADIOut
002B   F187           00249         JBCLR   STATUS,0
002C   A000           00250         GOTO    _00106_DS_
                      00251 ;;genSkipc:3246: created from rifx:0022608C
002D   CA00           00252         BSET    _Flag1,5
002E   A000           00253         GOTO    _00108_DS_
002F                  00254 _00106_DS_
                      00255 ;       .line   15; "dischgsbr.c"       else {FILow = 0;ILow0A1Dly10s = 0;}
002F   DA00           00256         BCLR    _Flag1,5
0030   7600           00257         CLRR    _ILow0A1Dly10s
0031                  00258 _00108_DS_
0031   000C           00259         RETURN  
                      00260 ; exit point of _DisCHGSbr
                      00261 
                      00262 
                      00263 ;       code size estimation:
                      00264 ;          50+    0 =    50 instructions (  100 byte)
                      00265 
                      00266         end
gpasm-1.4.1_beta1 (Oct 15 2013)dischgsbr.asm      2013-12-13  13:42:42         PAGE  2


SYMBOL TABLE
  LABEL                             VALUE

ADCR0                             000001B0
ADCR1                             000001B1
ADEOC                             00000001
ADIE                              00000006
ADIF                              00000006
ADON                              00000000
ADRH                              000001B4
ADRL                              000001B5
ANSEL                             00000193
BUZ0OE                            00000005
BUZ1OE                            00000005
C                                 00000000
CLKS                              00000002
DC                                00000001
FSR                               00000184
FSR0                              00000184
FSR1                              00000185
GIE                               00000007
HFEN                              00000000
HIBYTE                            00000183
INDF                              00000180
INDF0                             00000180
INDF1                             00000181
INDF2                             00000182
INDF3                             00000189
INT0IE                            00000002
INT0IF                            00000002
INT1IE                            00000003
INT1IF                            00000003
INTE                              0000018A
INTF                              0000018B
IOP0                              00000190
IOP1                              00000194
KBIE                              00000004
KBIF                              00000004
KBIM                              00000197
KBIM0                             00000000
KBIM1                             00000001
KBIM2                             00000002
KBIM3                             00000003
KBIM4                             00000004
KBIM5                             00000005
KBIM6                             00000006
LFEN                              00000001
LVDCR                             000001AD
LVDEN                             00000007
LVDF                              00000000
MCR                               00000188
OEP0                              00000191
OEP1                              00000195
OSCAL                             000001FB
OSCM                              000001AE
P00                               00000000
P00ANS                            00000000
P00OE                             00000000
P00PU                             00000000
P01                               00000001
P01ANS                            00000001
P01OE                             00000001
P01PU                             00000001
P02                               00000002
P02ANS                            00000002
P02OE                             00000002
P02PU                             00000002
P03                               00000003
P03ANS                            00000003
P03OE                             00000003
P03PU                             00000003
P04                               00000004
P04ANS                            00000004
P04OE                             00000004
P04PU                             00000004
P10                               00000000
P10OE                             00000000
P10PU                             00000000
P11                               00000001
P11OE                             00000001
P11PU                             00000001
P12                               00000002
P12ANS                            00000005
P12OE                             00000002
P12PU                             00000002
P13                               00000003
P13ANS                            00000006
P13OE                             00000003
P13PU                             00000003
P14                               00000004
P14OE                             00000004
P14PU                             00000004
P15                               00000005
P15OE                             00000005
P15PU                             00000005
P16                               00000006
P16OE                             00000006
P16PU                             00000006
PCL                               00000186
PD                                00000004
PUP0                              00000192
PUP1                              00000196
PWM0OE                            00000006
PWM1OE                            00000006
STATUS                            00000187
STBH                              00000004
STBL                              00000005
STK00                             00000000
STK01                             00000000
STK02                             00000000
STK03                             00000000
STK04                             00000000
STK05                             00000000
STK06                             00000000
T0CNT                             000001A1
T0CR                              000001A0
T0DATA                            000001A3
T0IE                              00000000
T0IF                              00000000
T0LOAD                            000001A2
T1CNT                             000001A5
T1CR                              000001A4
T1DATA                            000001A7
T1IE                              00000001
T1IF                              00000001
T1LOAD                            000001A6
TC0EN                             00000007
TC1EN                             00000007
TO                                00000005
Z                                 00000002
_00106_DS_                        0000002F
_00108_DS_                        00000031
_00114_DS_                        0000000F
_00116_DS_                        00000012
_00118_DS_                        0000001C
_00120_DS_                        00000023
_00122_DS_                        00000025
_00123_DS_                        00000027
_ADCR0                            00000000
_ADCR0bits                        00000000
_ADCR1                            00000000
_ADCR1bits                        00000000
_ADCnt                            00000000
_ADIMax                           00000000
_ADIMin                           00000000
_ADIOut                           00000000
_ADIOutBuf                        00000000
_ADRH                             00000000
_ADRL                             00000000
_ADVBat                           00000000
_ADVBatBuf                        00000000
_ADVBatMax                        00000000
_ADVBatMin                        00000000
_ADVOut                           00000000
_ADVOutBuf                        00000000
_ADVOutMax                        00000000
_ADVOutMin                        00000000
_ANSEL                            00000000
_ANSELbits                        00000000
_AdjVoutSbr                       00000005
_BatLowCnt                        00000000
_BatStatus                        00000000
_Buf0                             00000000
_Buf1                             00000000
_Buf2                             00000000
_CHGI100ms1min                    00000000
_CHGPWM                           00000000
_CHGV4d2T1min                     00000000
_CONFIG0                          00008000
_CONFIG1                          00008001
_CP_ALL                           00007FFF
_DisCHGSbr                        00000028
_DisPWM                           00000000
_DispCnt                          00000000
_FCPU_128T                        0000FFEF
_FCPU_16T                         0000FFBF
_FCPU_256T                        0000FFFF
_FCPU_2T                          0000FF8F
_FCPU_32T                         0000FFCF
_FCPU_4T                          0000FF9F
_FCPU_64T                         0000FFDF
_FCPU_8T                          0000FFAF
_FSR                              00000000
_FSR0                             00000000
_FSR1                             00000000
_Flag1                            00000000
_Flag2                            00000000
_Flag3                            00000000
_HIBYTE                           00000000
_HRC_LRC                          0000FCFF
_HRC_LXT                          0000FDFF
_HXT_LRC                          0000FEFF
_ILow0A1Dly10s                    00000000
_INDF                             00000000
_INDF0                            00000000
_INDF1                            00000000
_INDF2                            00000000
_INDF3                            00000000
_INTE                             00000000
_INTEbits                         00000000
_INTF                             00000000
_INTFbits                         00000000
_IOP0                             00000000
_IOP0bits                         00000000
_IOP1                             00000000
_IOP1bits                         00000000
_InitPWMSbr                       00000000
_KBIM                             00000000
_KBIMbits                         00000000
_KeyCnt                           00000000
_KeyLongth                        00000000
_LVDCR                            00000000
_LVDCRbits                        00000000
_LoadCnt                          00000000
_MCLR_OFF                         0000FF7F
_MCLR_ON                          0000FFFF
_MCR                              00000000
_MCRbits                          00000000
_OEP0                             00000000
_OEP0bits                         00000000
_OEP1                             00000000
_OEP1bits                         00000000
_OSCAL                            00000000
_OSCM                             00000000
_OSCMbits                         00000000
_PCL                              00000000
_PTWRT_16_1024                    0000FFF7
_PTWRT_16_16                      0000DFF7
_PTWRT_256_256                    0000DFFF
_PTWRT_256_4096                   0000FFFF
_PTWRT_4_4                        0000DFF3
_PTWRT_4_512                      0000FFF3
_PTWRT_64_2048                    0000FFFB
_PTWRT_64_64                      0000DFFB
_PUP0                             00000000
_PUP0bits                         00000000
_PUP1                             00000000
_PUP1bits                         00000000
_PwrON5s                          00000000
_STATUS                           00000000
_STATUSbits                       00000000
_T0CNT                            00000000
_T0CR                             00000000
_T0CRbits                         00000000
_T0DATA                           00000000
_T0LOAD                           00000000
_T1CNT                            00000000
_T1CR                             00000000
_T1CRbits                         00000000
_T1DATA                           00000000
_T1LOAD                           00000000
_T500ms                           00000000
_TMin                             00000000
_TSec                             00000000
_TStop5s                          00000000
_VLVR_160                         0000E3FF
_VLVR_185                         0000E7FF
_VLVR_205                         0000EBFF
_VLVR_218                         0000EFFF
_VLVR_232                         0000F3FF
_VLVR_245                         0000F7FF
_VLVR_305                         0000FBFF
_VLVR_360                         0000FFFF
_VinHiCnt                         00000000
_VinLowCnt                        00000000
_WDT_ALWAYS_OFF                   0000FFFC
_WDT_ALWAYS_ON                    0000FFFF
_WDT_SLEEP_OFF                    0000FFFD
__32P21                           00000001

Errors   :     0
Warnings :     0 reported,     0 suppressed
Messages :     0 reported,     0 suppressed

