gpasm-1.4.1_beta1 (Oct 15 2013)workctrlsbr.asm    2013-12-13  13:42:44         PAGE  1


LOC  OBJECT CODE     LINE SOURCE TEXT
  VALUE

                      00001 ;--------------------------------------------------------
                      00002 ; File Created by SN-SDCC : ANSI-C Compiler
                      00003 ; Version 0.0.4 (Nov 20 2013) (MINGW32)
                      00004 ; This file was generated Fri Dec 13 13:42:43 2013
                      00005 ;--------------------------------------------------------
                      00006 ; MC3X port for the RISC core
                      00007 ;--------------------------------------------------------
                      00008 ;       .file   "workctrlsbr.c"
                      00009         list    p=32p21
                      00010         radix dec
                      00011         include "mc32p21.inc"
                      00001                 LIST
                      00002 ;mc32p21.inc    Standard Header File, Version 1.00 by Sinomcu
                      00261                 LIST
                      00012 ;--------------------------------------------------------
                      00013 ; external declarations
                      00014 ;--------------------------------------------------------
                      00015         extern  _DisCHGSbr
                      00016         extern  _STATUSbits
                      00017         extern  _MCRbits
                      00018         extern  _INTEbits
                      00019         extern  _INTFbits
                      00020         extern  _IOP0bits
                      00021         extern  _OEP0bits
                      00022         extern  _PUP0bits
                      00023         extern  _ANSELbits
                      00024         extern  _IOP1bits
                      00025         extern  _OEP1bits
                      00026         extern  _PUP1bits
                      00027         extern  _KBIMbits
                      00028         extern  _T0CRbits
                      00029         extern  _T1CRbits
                      00030         extern  _LVDCRbits
                      00031         extern  _OSCMbits
                      00032         extern  _ADCR0bits
                      00033         extern  _ADCR1bits
                      00034         extern  _Flag1
                      00035         extern  _Flag2
                      00036         extern  _Flag3
                      00037         extern  _Buf0
                      00038         extern  _Buf1
                      00039         extern  _Buf2
                      00040         extern  _ADCnt
                      00041         extern  _ADVBatBuf
                      00042         extern  _ADVOutBuf
                      00043         extern  _ADIOutBuf
                      00044         extern  _ADVBatMin
                      00045         extern  _ADVBatMax
                      00046         extern  _ADVOut
                      00047         extern  _ADVBat
                      00048         extern  _ADIOut
                      00049         extern  _ADVOutMin
                      00050         extern  _ADVOutMax
                      00051         extern  _ADIMin
                      00052         extern  _ADIMax
                      00053         extern  _T500ms
                      00054         extern  _KeyCnt
                      00055         extern  _KeyLongth
                      00056         extern  _BatStatus
                      00057         extern  _DispCnt
                      00058         extern  _DisPWM
                      00059         extern  _CHGPWM
                      00060         extern  _VinLowCnt
                      00061         extern  _VinHiCnt
                      00062         extern  _ILow0A1Dly10s
                      00063         extern  _TStop5s
                      00064         extern  _PwrON5s
                      00065         extern  _CHGV4d2T1min
                      00066         extern  _CHGI100ms1min
                      00067         extern  _BatLowCnt
                      00068         extern  _LoadCnt
                      00069         extern  _TSec
                      00070         extern  _TMin
                      00071         extern  _INDF
                      00072         extern  _INDF0
                      00073         extern  _INDF1
                      00074         extern  _INDF2
                      00075         extern  _HIBYTE
                      00076         extern  _FSR
                      00077         extern  _FSR0
                      00078         extern  _FSR1
                      00079         extern  _PCL
                      00080         extern  _STATUS
                      00081         extern  _MCR
                      00082         extern  _INDF3
                      00083         extern  _INTE
                      00084         extern  _INTF
                      00085         extern  _IOP0
                      00086         extern  _OEP0
                      00087         extern  _PUP0
                      00088         extern  _ANSEL
                      00089         extern  _IOP1
                      00090         extern  _OEP1
                      00091         extern  _PUP1
                      00092         extern  _KBIM
                      00093         extern  _T0CR
                      00094         extern  _T0CNT
                      00095         extern  _T0LOAD
                      00096         extern  _T0DATA
                      00097         extern  _T1CR
                      00098         extern  _T1CNT
                      00099         extern  _T1LOAD
                      00100         extern  _T1DATA
                      00101         extern  _LVDCR
                      00102         extern  _OSCM
                      00103         extern  _ADCR0
                      00104         extern  _ADCR1
                      00105         extern  _ADRH
                      00106         extern  _ADRL
                      00107         extern  _OSCAL
                      00108 
                      00109         extern STK06
                      00110         extern STK05
                      00111         extern STK04
                      00112         extern STK03
                      00113         extern STK02
                      00114         extern STK01
                      00115         extern STK00
                      00116 ;--------------------------------------------------------
                      00117 ; global declarations
                      00118 ;--------------------------------------------------------
                      00119         global  _CHGOverSbr
                      00120         global  _PwrInSbr
                      00121         global  _WorkCtrlSbr
                      00122 
                      00123 ;--------------------------------------------------------
                      00124 ; global definitions
                      00125 ;--------------------------------------------------------
                      00126 ;--------------------------------------------------------
                      00127 ; absolute symbol definitions
                      00128 ;--------------------------------------------------------
                      00129 ;--------------------------------------------------------
                      00130 ; compiler-defined variables
                      00131 ;--------------------------------------------------------
                      00132 ;--------------------------------------------------------
                      00133 ; initialized data
                      00134 ;--------------------------------------------------------
                      00135 ;--------------------------------------------------------
                      00136 ; overlayable items in internal ram 
                      00137 ;--------------------------------------------------------
                      00138 ;       udata_ovr
                      00139 ;--------------------------------------------------------
                      00140 ; code
                      00141 ;--------------------------------------------------------
                      00142 code_workctrlsbr        code
                      00143 ;***
                      00144 ;  pBlock Stats: dbName = C
                      00145 ;***
                      00146 ;entry:  _CHGOverSbr    ;Function start
                      00147 ; 2 exit points
                      00148 ;has an exit
                      00149 ;; Starting pCode block
0000                  00150 _CHGOverSbr     ;Function start
                      00151 ; 2 exit points
                      00152 ;       .line   58; "workctrlsbr.c"     FCHGOver = 1;
0000   C800           00153         BSET    _Flag1,4
                      00154 ;       .line   59; "workctrlsbr.c"     PWM1OE = 0;
0001   DC00           00155         BCLR    _T1CRbits,6
                      00156 ;       .line   60; "workctrlsbr.c"     pCHG = 0;
0002   D600           00157         BCLR    _IOP1bits,3
0003   000C           00158         RETURN  
                      00159 ; exit point of _CHGOverSbr
                      00160 
                      00161 ;***
                      00162 ;  pBlock Stats: dbName = C
                      00163 ;***
                      00164 ;entry:  _PwrInSbr      ;Function start
                      00165 ; 2 exit points
                      00166 ;has an exit
                      00167 ;functions called:
                      00168 ;   _CHGOverSbr
                      00169 ;   _CHGOverSbr
                      00170 ;; Starting pCode block
0004                  00171 _PwrInSbr       ;Function start
                      00172 ; 2 exit points
                      00173 ;       .line   21; "workctrlsbr.c"     pDisCHG = 0;
0004   D400           00174         BCLR    _IOP1bits,2
                      00175 ;       .line   22; "workctrlsbr.c"     PWM0OE = 0;
0005   DC00           00176         BCLR    _T0CRbits,6
                      00177 ;       .line   23; "workctrlsbr.c"     pPwr = 0;
0006   D000           00178         BCLR    _IOP1bits,0
                      00179 ;       .line   24; "workctrlsbr.c"     FPwr = 0;
0007   D000           00180         BCLR    _Flag1,0
                      00181 ;       .line   25; "workctrlsbr.c"     FILow = 0;
0008   DA00           00182         BCLR    _Flag1,5
                      00183 ;       .line   26; "workctrlsbr.c"     if (FCHGOver) {CHGOverSbr();return;}
0009   E800           00184         JBSET   _Flag1,4
000A   A000           00185         GOTO    _00116_DS_
000B   8000           00186         CALL    _CHGOverSbr
000C                  00187 _00116_DS_
000C   000C           00188         RETURN  
                      00189 ; exit point of _PwrInSbr
                      00190 
                      00191 ;***
                      00192 ;  pBlock Stats: dbName = C
                      00193 ;***
                      00194 ;entry:  _WorkCtrlSbr   ;Function start
                      00195 ; 2 exit points
                      00196 ;has an exit
                      00197 ;functions called:
                      00198 ;   _PwrInSbr
                      00199 ;   _DisCHGSbr
                      00200 ;   _PwrInSbr
                      00201 ;   _DisCHGSbr
                      00202 ;; Starting pCode block
000D                  00203 _WorkCtrlSbr    ;Function start
                      00204 ; 2 exit points
                      00205 ;       .line   13; "workctrlsbr.c"     if (FVIN) {PwrInSbr();return;}
000D   EE00           00206         JBSET   _Flag1,7
000E   A000           00207         GOTO    _00106_DS_
000F   8000           00208         CALL    _PwrInSbr
0010   A000           00209         GOTO    _00109_DS_
0011                  00210 _00106_DS_
                      00211 ;       .line   14; "workctrlsbr.c"     pCHG = 0;
0011   D600           00212         BCLR    _IOP1bits,3
                      00213 ;       .line   15; "workctrlsbr.c"     FCHGOver = 0;
0012   D800           00214         BCLR    _Flag1,4
                      00215 ;       .line   16; "workctrlsbr.c"     if (FPwr) {DisCHGSbr();return;}
0013   E000           00216         JBSET   _Flag1,0
0014   A000           00217         GOTO    _00109_DS_
0015   8000           00218         CALL    _DisCHGSbr
0016                  00219 _00109_DS_
0016   000C           00220         RETURN  
                      00221 ; exit point of _WorkCtrlSbr
                      00222 
                      00223 
                      00224 ;       code size estimation:
                      00225 ;          23+    0 =    23 instructions (   46 byte)
                      00226 
                      00227         end
gpasm-1.4.1_beta1 (Oct 15 2013)workctrlsbr.asm    2013-12-13  13:42:44         PAGE  2


SYMBOL TABLE
  LABEL                             VALUE

ADCR0                             000001B0
ADCR1                             000001B1
ADEOC                             00000001
ADIE                              00000006
ADIF                              00000006
ADON                              00000000
ADRH                              000001B4
ADRL                              000001B5
ANSEL                             00000193
BUZ0OE                            00000005
BUZ1OE                            00000005
C                                 00000000
CLKS                              00000002
DC                                00000001
FSR                               00000184
FSR0                              00000184
FSR1                              00000185
GIE                               00000007
HFEN                              00000000
HIBYTE                            00000183
INDF                              00000180
INDF0                             00000180
INDF1                             00000181
INDF2                             00000182
INDF3                             00000189
INT0IE                            00000002
INT0IF                            00000002
INT1IE                            00000003
INT1IF                            00000003
INTE                              0000018A
INTF                              0000018B
IOP0                              00000190
IOP1                              00000194
KBIE                              00000004
KBIF                              00000004
KBIM                              00000197
KBIM0                             00000000
KBIM1                             00000001
KBIM2                             00000002
KBIM3                             00000003
KBIM4                             00000004
KBIM5                             00000005
KBIM6                             00000006
LFEN                              00000001
LVDCR                             000001AD
LVDEN                             00000007
LVDF                              00000000
MCR                               00000188
OEP0                              00000191
OEP1                              00000195
OSCAL                             000001FB
OSCM                              000001AE
P00                               00000000
P00ANS                            00000000
P00OE                             00000000
P00PU                             00000000
P01                               00000001
P01ANS                            00000001
P01OE                             00000001
P01PU                             00000001
P02                               00000002
P02ANS                            00000002
P02OE                             00000002
P02PU                             00000002
P03                               00000003
P03ANS                            00000003
P03OE                             00000003
P03PU                             00000003
P04                               00000004
P04ANS                            00000004
P04OE                             00000004
P04PU                             00000004
P10                               00000000
P10OE                             00000000
P10PU                             00000000
P11                               00000001
P11OE                             00000001
P11PU                             00000001
P12                               00000002
P12ANS                            00000005
P12OE                             00000002
P12PU                             00000002
P13                               00000003
P13ANS                            00000006
P13OE                             00000003
P13PU                             00000003
P14                               00000004
P14OE                             00000004
P14PU                             00000004
P15                               00000005
P15OE                             00000005
P15PU                             00000005
P16                               00000006
P16OE                             00000006
P16PU                             00000006
PCL                               00000186
PD                                00000004
PUP0                              00000192
PUP1                              00000196
PWM0OE                            00000006
PWM1OE                            00000006
STATUS                            00000187
STBH                              00000004
STBL                              00000005
STK00                             00000000
STK01                             00000000
STK02                             00000000
STK03                             00000000
STK04                             00000000
STK05                             00000000
STK06                             00000000
T0CNT                             000001A1
T0CR                              000001A0
T0DATA                            000001A3
T0IE                              00000000
T0IF                              00000000
T0LOAD                            000001A2
T1CNT                             000001A5
T1CR                              000001A4
T1DATA                            000001A7
T1IE                              00000001
T1IF                              00000001
T1LOAD                            000001A6
TC0EN                             00000007
TC1EN                             00000007
TO                                00000005
Z                                 00000002
_00106_DS_                        00000011
_00109_DS_                        00000016
_00116_DS_                        0000000C
_ADCR0                            00000000
_ADCR0bits                        00000000
_ADCR1                            00000000
_ADCR1bits                        00000000
_ADCnt                            00000000
_ADIMax                           00000000
_ADIMin                           00000000
_ADIOut                           00000000
_ADIOutBuf                        00000000
_ADRH                             00000000
_ADRL                             00000000
_ADVBat                           00000000
_ADVBatBuf                        00000000
_ADVBatMax                        00000000
_ADVBatMin                        00000000
_ADVOut                           00000000
_ADVOutBuf                        00000000
_ADVOutMax                        00000000
_ADVOutMin                        00000000
_ANSEL                            00000000
_ANSELbits                        00000000
_BatLowCnt                        00000000
_BatStatus                        00000000
_Buf0                             00000000
_Buf1                             00000000
_Buf2                             00000000
_CHGI100ms1min                    00000000
_CHGOverSbr                       00000000
_CHGPWM                           00000000
_CHGV4d2T1min                     00000000
_CONFIG0                          00008000
_CONFIG1                          00008001
_CP_ALL                           00007FFF
_DisCHGSbr                        00000000
_DisPWM                           00000000
_DispCnt                          00000000
_FCPU_128T                        0000FFEF
_FCPU_16T                         0000FFBF
_FCPU_256T                        0000FFFF
_FCPU_2T                          0000FF8F
_FCPU_32T                         0000FFCF
_FCPU_4T                          0000FF9F
_FCPU_64T                         0000FFDF
_FCPU_8T                          0000FFAF
_FSR                              00000000
_FSR0                             00000000
_FSR1                             00000000
_Flag1                            00000000
_Flag2                            00000000
_Flag3                            00000000
_HIBYTE                           00000000
_HRC_LRC                          0000FCFF
_HRC_LXT                          0000FDFF
_HXT_LRC                          0000FEFF
_ILow0A1Dly10s                    00000000
_INDF                             00000000
_INDF0                            00000000
_INDF1                            00000000
_INDF2                            00000000
_INDF3                            00000000
_INTE                             00000000
_INTEbits                         00000000
_INTF                             00000000
_INTFbits                         00000000
_IOP0                             00000000
_IOP0bits                         00000000
_IOP1                             00000000
_IOP1bits                         00000000
_KBIM                             00000000
_KBIMbits                         00000000
_KeyCnt                           00000000
_KeyLongth                        00000000
_LVDCR                            00000000
_LVDCRbits                        00000000
_LoadCnt                          00000000
_MCLR_OFF                         0000FF7F
_MCLR_ON                          0000FFFF
_MCR                              00000000
_MCRbits                          00000000
_OEP0                             00000000
_OEP0bits                         00000000
_OEP1                             00000000
_OEP1bits                         00000000
_OSCAL                            00000000
_OSCM                             00000000
_OSCMbits                         00000000
_PCL                              00000000
_PTWRT_16_1024                    0000FFF7
_PTWRT_16_16                      0000DFF7
_PTWRT_256_256                    0000DFFF
_PTWRT_256_4096                   0000FFFF
_PTWRT_4_4                        0000DFF3
_PTWRT_4_512                      0000FFF3
_PTWRT_64_2048                    0000FFFB
_PTWRT_64_64                      0000DFFB
_PUP0                             00000000
_PUP0bits                         00000000
_PUP1                             00000000
_PUP1bits                         00000000
_PwrInSbr                         00000004
_PwrON5s                          00000000
_STATUS                           00000000
_STATUSbits                       00000000
_T0CNT                            00000000
_T0CR                             00000000
_T0CRbits                         00000000
_T0DATA                           00000000
_T0LOAD                           00000000
_T1CNT                            00000000
_T1CR                             00000000
_T1CRbits                         00000000
_T1DATA                           00000000
_T1LOAD                           00000000
_T500ms                           00000000
_TMin                             00000000
_TSec                             00000000
_TStop5s                          00000000
_VLVR_160                         0000E3FF
_VLVR_185                         0000E7FF
_VLVR_205                         0000EBFF
_VLVR_218                         0000EFFF
_VLVR_232                         0000F3FF
_VLVR_245                         0000F7FF
_VLVR_305                         0000FBFF
_VLVR_360                         0000FFFF
_VinHiCnt                         00000000
_VinLowCnt                        00000000
_WDT_ALWAYS_OFF                   0000FFFC
_WDT_ALWAYS_ON                    0000FFFF
_WDT_SLEEP_OFF                    0000FFFD
_WorkCtrlSbr                      0000000D
__32P21                           00000001

Errors   :     0
Warnings :     0 reported,     0 suppressed
Messages :     0 reported,     0 suppressed

